Determining if the pthread_create exist failed with the following output:
Change Dir: /home/d5error/ws_rmrobot/build/rm_65_robot/CMakeFiles/CMakeTmp

Run Build Command:"/usr/bin/make" "cmTC_c0d83/fast"
/usr/bin/make -f CMakeFiles/cmTC_c0d83.dir/build.make CMakeFiles/cmTC_c0d83.dir/build
make[1]: Entering directory '/home/d5error/ws_rmrobot/build/rm_65_robot/CMakeFiles/CMakeTmp'
Building C object CMakeFiles/cmTC_c0d83.dir/CheckSymbolExists.c.o
/usr/bin/cc    -o CMakeFiles/cmTC_c0d83.dir/CheckSymbolExists.c.o   -c /home/d5error/ws_rmrobot/build/rm_65_robot/CMakeFiles/CMakeTmp/CheckSymbolExists.c
Linking C executable cmTC_c0d83
/usr/bin/cmake -E cmake_link_script CMakeFiles/cmTC_c0d83.dir/link.txt --verbose=1
/usr/bin/cc      -rdynamic CMakeFiles/cmTC_c0d83.dir/CheckSymbolExists.c.o  -o cmTC_c0d83 
CMakeFiles/cmTC_c0d83.dir/CheckSymbolExists.c.o: In function `main':
CheckSymbolExists.c:(.text+0x1b): undefined reference to `pthread_create'
collect2: error: ld returned 1 exit status
CMakeFiles/cmTC_c0d83.dir/build.make:97: recipe for target 'cmTC_c0d83' failed
make[1]: *** [cmTC_c0d83] Error 1
make[1]: Leaving directory '/home/d5error/ws_rmrobot/build/rm_65_robot/CMakeFiles/CMakeTmp'
Makefile:126: recipe for target 'cmTC_c0d83/fast' failed
make: *** [cmTC_c0d83/fast] Error 2

File /home/d5error/ws_rmrobot/build/rm_65_robot/CMakeFiles/CMakeTmp/CheckSymbolExists.c:
/* */
#include <pthread.h>

int main(int argc, char** argv)
{
  (void)argv;
#ifndef pthread_create
  return ((int*)(&pthread_create))[argc];
#else
  (void)argc;
  return 0;
#endif
}

Determining if the function pthread_create exists in the pthreads failed with the following output:
Change Dir: /home/d5error/ws_rmrobot/build/rm_65_robot/CMakeFiles/CMakeTmp

Run Build Command:"/usr/bin/make" "cmTC_76c62/fast"
/usr/bin/make -f CMakeFiles/cmTC_76c62.dir/build.make CMakeFiles/cmTC_76c62.dir/build
make[1]: Entering directory '/home/d5error/ws_rmrobot/build/rm_65_robot/CMakeFiles/CMakeTmp'
Building C object CMakeFiles/cmTC_76c62.dir/CheckFunctionExists.c.o
/usr/bin/cc   -DCHECK_FUNCTION_EXISTS=pthread_create   -o CMakeFiles/cmTC_76c62.dir/CheckFunctionExists.c.o   -c /usr/share/cmake-3.10/Modules/CheckFunctionExists.c
Linking C executable cmTC_76c62
/usr/bin/cmake -E cmake_link_script CMakeFiles/cmTC_76c62.dir/link.txt --verbose=1
/usr/bin/cc  -DCHECK_FUNCTION_EXISTS=pthread_create    -rdynamic CMakeFiles/cmTC_76c62.dir/CheckFunctionExists.c.o  -o cmTC_76c62 -lpthreads 
/usr/bin/ld: cannot find -lpthreads
collect2: error: ld returned 1 exit status
CMakeFiles/cmTC_76c62.dir/build.make:97: recipe for target 'cmTC_76c62' failed
make[1]: *** [cmTC_76c62] Error 1
make[1]: Leaving directory '/home/d5error/ws_rmrobot/build/rm_65_robot/CMakeFiles/CMakeTmp'
Makefile:126: recipe for target 'cmTC_76c62/fast' failed
make: *** [cmTC_76c62/fast] Error 2


