Determining if the pthread_create exist failed with the following output:
Change Dir: /home/d5error/ws_rmrobot/build/rm_65_moveit_config/CMakeFiles/CMakeTmp

Run Build Command:"/usr/bin/make" "cmTC_391b6/fast"
/usr/bin/make -f CMakeFiles/cmTC_391b6.dir/build.make CMakeFiles/cmTC_391b6.dir/build
make[1]: Entering directory '/home/d5error/ws_rmrobot/build/rm_65_moveit_config/CMakeFiles/CMakeTmp'
Building C object CMakeFiles/cmTC_391b6.dir/CheckSymbolExists.c.o
/usr/bin/cc    -o CMakeFiles/cmTC_391b6.dir/CheckSymbolExists.c.o   -c /home/d5error/ws_rmrobot/build/rm_65_moveit_config/CMakeFiles/CMakeTmp/CheckSymbolExists.c
Linking C executable cmTC_391b6
/usr/bin/cmake -E cmake_link_script CMakeFiles/cmTC_391b6.dir/link.txt --verbose=1
/usr/bin/cc      -rdynamic CMakeFiles/cmTC_391b6.dir/CheckSymbolExists.c.o  -o cmTC_391b6 
CMakeFiles/cmTC_391b6.dir/CheckSymbolExists.c.o: In function `main':
CheckSymbolExists.c:(.text+0x1b): undefined reference to `pthread_create'
collect2: error: ld returned 1 exit status
CMakeFiles/cmTC_391b6.dir/build.make:97: recipe for target 'cmTC_391b6' failed
make[1]: *** [cmTC_391b6] Error 1
make[1]: Leaving directory '/home/d5error/ws_rmrobot/build/rm_65_moveit_config/CMakeFiles/CMakeTmp'
Makefile:126: recipe for target 'cmTC_391b6/fast' failed
make: *** [cmTC_391b6/fast] Error 2

File /home/d5error/ws_rmrobot/build/rm_65_moveit_config/CMakeFiles/CMakeTmp/CheckSymbolExists.c:
/* */
#include <pthread.h>

int main(int argc, char** argv)
{
  (void)argv;
#ifndef pthread_create
  return ((int*)(&pthread_create))[argc];
#else
  (void)argc;
  return 0;
#endif
}

Determining if the function pthread_create exists in the pthreads failed with the following output:
Change Dir: /home/d5error/ws_rmrobot/build/rm_65_moveit_config/CMakeFiles/CMakeTmp

Run Build Command:"/usr/bin/make" "cmTC_b9910/fast"
/usr/bin/make -f CMakeFiles/cmTC_b9910.dir/build.make CMakeFiles/cmTC_b9910.dir/build
make[1]: Entering directory '/home/d5error/ws_rmrobot/build/rm_65_moveit_config/CMakeFiles/CMakeTmp'
Building C object CMakeFiles/cmTC_b9910.dir/CheckFunctionExists.c.o
/usr/bin/cc   -DCHECK_FUNCTION_EXISTS=pthread_create   -o CMakeFiles/cmTC_b9910.dir/CheckFunctionExists.c.o   -c /usr/share/cmake-3.10/Modules/CheckFunctionExists.c
Linking C executable cmTC_b9910
/usr/bin/cmake -E cmake_link_script CMakeFiles/cmTC_b9910.dir/link.txt --verbose=1
/usr/bin/cc  -DCHECK_FUNCTION_EXISTS=pthread_create    -rdynamic CMakeFiles/cmTC_b9910.dir/CheckFunctionExists.c.o  -o cmTC_b9910 -lpthreads 
/usr/bin/ld: cannot find -lpthreads
collect2: error: ld returned 1 exit status
CMakeFiles/cmTC_b9910.dir/build.make:97: recipe for target 'cmTC_b9910' failed
make[1]: *** [cmTC_b9910] Error 1
make[1]: Leaving directory '/home/d5error/ws_rmrobot/build/rm_65_moveit_config/CMakeFiles/CMakeTmp'
Makefile:126: recipe for target 'cmTC_b9910/fast' failed
make: *** [cmTC_b9910/fast] Error 2


