Determining if the pthread_create exist failed with the following output:
Change Dir: /home/d5error/ws_rmrobot/build/rm_driver/CMakeFiles/CMakeTmp

Run Build Command:"/usr/bin/make" "cmTC_accfd/fast"
/usr/bin/make -f CMakeFiles/cmTC_accfd.dir/build.make CMakeFiles/cmTC_accfd.dir/build
make[1]: Entering directory '/home/d5error/ws_rmrobot/build/rm_driver/CMakeFiles/CMakeTmp'
Building C object CMakeFiles/cmTC_accfd.dir/CheckSymbolExists.c.o
/usr/bin/cc    -o CMakeFiles/cmTC_accfd.dir/CheckSymbolExists.c.o   -c /home/d5error/ws_rmrobot/build/rm_driver/CMakeFiles/CMakeTmp/CheckSymbolExists.c
Linking C executable cmTC_accfd
/usr/bin/cmake -E cmake_link_script CMakeFiles/cmTC_accfd.dir/link.txt --verbose=1
/usr/bin/cc      -rdynamic CMakeFiles/cmTC_accfd.dir/CheckSymbolExists.c.o  -o cmTC_accfd 
CMakeFiles/cmTC_accfd.dir/CheckSymbolExists.c.o: In function `main':
CheckSymbolExists.c:(.text+0x1b): undefined reference to `pthread_create'
collect2: error: ld returned 1 exit status
CMakeFiles/cmTC_accfd.dir/build.make:97: recipe for target 'cmTC_accfd' failed
make[1]: *** [cmTC_accfd] Error 1
make[1]: Leaving directory '/home/d5error/ws_rmrobot/build/rm_driver/CMakeFiles/CMakeTmp'
Makefile:126: recipe for target 'cmTC_accfd/fast' failed
make: *** [cmTC_accfd/fast] Error 2

File /home/d5error/ws_rmrobot/build/rm_driver/CMakeFiles/CMakeTmp/CheckSymbolExists.c:
/* */
#include <pthread.h>

int main(int argc, char** argv)
{
  (void)argv;
#ifndef pthread_create
  return ((int*)(&pthread_create))[argc];
#else
  (void)argc;
  return 0;
#endif
}

Determining if the function pthread_create exists in the pthreads failed with the following output:
Change Dir: /home/d5error/ws_rmrobot/build/rm_driver/CMakeFiles/CMakeTmp

Run Build Command:"/usr/bin/make" "cmTC_9b973/fast"
/usr/bin/make -f CMakeFiles/cmTC_9b973.dir/build.make CMakeFiles/cmTC_9b973.dir/build
make[1]: Entering directory '/home/d5error/ws_rmrobot/build/rm_driver/CMakeFiles/CMakeTmp'
Building C object CMakeFiles/cmTC_9b973.dir/CheckFunctionExists.c.o
/usr/bin/cc   -DCHECK_FUNCTION_EXISTS=pthread_create   -o CMakeFiles/cmTC_9b973.dir/CheckFunctionExists.c.o   -c /usr/share/cmake-3.10/Modules/CheckFunctionExists.c
Linking C executable cmTC_9b973
/usr/bin/cmake -E cmake_link_script CMakeFiles/cmTC_9b973.dir/link.txt --verbose=1
/usr/bin/cc  -DCHECK_FUNCTION_EXISTS=pthread_create    -rdynamic CMakeFiles/cmTC_9b973.dir/CheckFunctionExists.c.o  -o cmTC_9b973 -lpthreads 
/usr/bin/ld: cannot find -lpthreads
collect2: error: ld returned 1 exit status
CMakeFiles/cmTC_9b973.dir/build.make:97: recipe for target 'cmTC_9b973' failed
make[1]: *** [cmTC_9b973] Error 1
make[1]: Leaving directory '/home/d5error/ws_rmrobot/build/rm_driver/CMakeFiles/CMakeTmp'
Makefile:126: recipe for target 'cmTC_9b973/fast' failed
make: *** [cmTC_9b973/fast] Error 2


