Linked: (/home/d5error/ws_rmrobot/devel/.private/rm_msgs/share/roseus/ros/rm_msgs/manifest.l, /home/d5error/ws_rmrobot/devel/share/roseus/ros/rm_msgs/manifest.l)
Linked: (/home/d5error/ws_rmrobot/devel/.private/rm_msgs/share/roseus/ros/rm_msgs/msg/ChangeWorkFrame_Name.l, /home/d5error/ws_rmrobot/devel/share/roseus/ros/rm_msgs/msg/ChangeWorkFrame_Name.l)
Linked: (/home/d5error/ws_rmrobot/devel/.private/rm_msgs/share/roseus/ros/rm_msgs/msg/CartePos.l, /home/d5error/ws_rmrobot/devel/share/roseus/ros/rm_msgs/msg/CartePos.l)
Linked: (/home/d5error/ws_rmrobot/devel/.private/rm_msgs/share/roseus/ros/rm_msgs/msg/Tool_Analog_Output.l, /home/d5error/ws_rmrobot/devel/share/roseus/ros/rm_msgs/msg/Tool_Analog_Output.l)
Linked: (/home/d5error/ws_rmrobot/devel/.private/rm_msgs/share/roseus/ros/rm_msgs/msg/GetArmState_Command.l, /home/d5error/ws_rmrobot/devel/share/roseus/ros/rm_msgs/msg/GetArmState_Command.l)
Linked: (/home/d5error/ws_rmrobot/devel/.private/rm_msgs/share/roseus/ros/rm_msgs/msg/Arm_Joint_Speed_Max.l, /home/d5error/ws_rmrobot/devel/share/roseus/ros/rm_msgs/msg/Arm_Joint_Speed_Max.l)
Linked: (/home/d5error/ws_rmrobot/devel/.private/rm_msgs/share/roseus/ros/rm_msgs/msg/Joint_Max_Speed.l, /home/d5error/ws_rmrobot/devel/share/roseus/ros/rm_msgs/msg/Joint_Max_Speed.l)
Linked: (/home/d5error/ws_rmrobot/devel/.private/rm_msgs/share/roseus/ros/rm_msgs/msg/Six_Force.l, /home/d5error/ws_rmrobot/devel/share/roseus/ros/rm_msgs/msg/Six_Force.l)
Linked: (/home/d5error/ws_rmrobot/devel/.private/rm_msgs/share/roseus/ros/rm_msgs/msg/Lift_Speed.l, /home/d5error/ws_rmrobot/devel/share/roseus/ros/rm_msgs/msg/Lift_Speed.l)
Linked: (/home/d5error/ws_rmrobot/devel/.private/rm_msgs/share/roseus/ros/rm_msgs/msg/JointPos.l, /home/d5error/ws_rmrobot/devel/share/roseus/ros/rm_msgs/msg/JointPos.l)
Linked: (/home/d5error/ws_rmrobot/devel/.private/rm_msgs/share/roseus/ros/rm_msgs/msg/LiftState.l, /home/d5error/ws_rmrobot/devel/share/roseus/ros/rm_msgs/msg/LiftState.l)
Linked: (/home/d5error/ws_rmrobot/devel/.private/rm_msgs/share/roseus/ros/rm_msgs/msg/Arm_Current_State.l, /home/d5error/ws_rmrobot/devel/share/roseus/ros/rm_msgs/msg/Arm_Current_State.l)
Linked: (/home/d5error/ws_rmrobot/devel/.private/rm_msgs/share/roseus/ros/rm_msgs/msg/Joint_Enable.l, /home/d5error/ws_rmrobot/devel/share/roseus/ros/rm_msgs/msg/Joint_Enable.l)
Linked: (/home/d5error/ws_rmrobot/devel/.private/rm_msgs/share/roseus/ros/rm_msgs/msg/Joint_Step.l, /home/d5error/ws_rmrobot/devel/share/roseus/ros/rm_msgs/msg/Joint_Step.l)
Linked: (/home/d5error/ws_rmrobot/devel/.private/rm_msgs/share/roseus/ros/rm_msgs/msg/MoveC.l, /home/d5error/ws_rmrobot/devel/share/roseus/ros/rm_msgs/msg/MoveC.l)
Linked: (/home/d5error/ws_rmrobot/devel/.private/rm_msgs/share/roseus/ros/rm_msgs/msg/Hand_Force.l, /home/d5error/ws_rmrobot/devel/share/roseus/ros/rm_msgs/msg/Hand_Force.l)
Linked: (/home/d5error/ws_rmrobot/devel/.private/rm_msgs/share/roseus/ros/rm_msgs/msg/ArmState.l, /home/d5error/ws_rmrobot/devel/share/roseus/ros/rm_msgs/msg/ArmState.l)
Linked: (/home/d5error/ws_rmrobot/devel/.private/rm_msgs/share/roseus/ros/rm_msgs/msg/Plan_State.l, /home/d5error/ws_rmrobot/devel/share/roseus/ros/rm_msgs/msg/Plan_State.l)
Linked: (/home/d5error/ws_rmrobot/devel/.private/rm_msgs/share/roseus/ros/rm_msgs/msg/Joint_Error_Code.l, /home/d5error/ws_rmrobot/devel/share/roseus/ros/rm_msgs/msg/Joint_Error_Code.l)
Linked: (/home/d5error/ws_rmrobot/devel/.private/rm_msgs/share/roseus/ros/rm_msgs/msg/Set_Realtime_Push.l, /home/d5error/ws_rmrobot/devel/share/roseus/ros/rm_msgs/msg/Set_Realtime_Push.l)
Linked: (/home/d5error/ws_rmrobot/devel/.private/rm_msgs/share/roseus/ros/rm_msgs/msg/MoveL.l, /home/d5error/ws_rmrobot/devel/share/roseus/ros/rm_msgs/msg/MoveL.l)
Linked: (/home/d5error/ws_rmrobot/devel/.private/rm_msgs/share/roseus/ros/rm_msgs/msg/Joint_Teach.l, /home/d5error/ws_rmrobot/devel/share/roseus/ros/rm_msgs/msg/Joint_Teach.l)
Linked: (/home/d5error/ws_rmrobot/devel/.private/rm_msgs/share/roseus/ros/rm_msgs/msg/Manual_Set_Force_Pose.l, /home/d5error/ws_rmrobot/devel/share/roseus/ros/rm_msgs/msg/Manual_Set_Force_Pose.l)
Linked: (/home/d5error/ws_rmrobot/devel/.private/rm_msgs/share/roseus/ros/rm_msgs/msg/Gripper_Set.l, /home/d5error/ws_rmrobot/devel/share/roseus/ros/rm_msgs/msg/Gripper_Set.l)
Linked: (/home/d5error/ws_rmrobot/devel/.private/rm_msgs/share/roseus/ros/rm_msgs/msg/Servo_Move.l, /home/d5error/ws_rmrobot/devel/share/roseus/ros/rm_msgs/msg/Servo_Move.l)
Linked: (/home/d5error/ws_rmrobot/devel/.private/rm_msgs/share/roseus/ros/rm_msgs/msg/Joint_Current.l, /home/d5error/ws_rmrobot/devel/share/roseus/ros/rm_msgs/msg/Joint_Current.l)
Linked: (/home/d5error/ws_rmrobot/devel/.private/rm_msgs/share/roseus/ros/rm_msgs/msg/ChangeTool_Name.l, /home/d5error/ws_rmrobot/devel/share/roseus/ros/rm_msgs/msg/ChangeTool_Name.l)
Linked: (/home/d5error/ws_rmrobot/devel/.private/rm_msgs/share/roseus/ros/rm_msgs/msg/Hand_Angle.l, /home/d5error/ws_rmrobot/devel/share/roseus/ros/rm_msgs/msg/Hand_Angle.l)
Linked: (/home/d5error/ws_rmrobot/devel/.private/rm_msgs/share/roseus/ros/rm_msgs/msg/Turtle_Driver.l, /home/d5error/ws_rmrobot/devel/share/roseus/ros/rm_msgs/msg/Turtle_Driver.l)
Linked: (/home/d5error/ws_rmrobot/devel/.private/rm_msgs/share/roseus/ros/rm_msgs/msg/ChangeTool_State.l, /home/d5error/ws_rmrobot/devel/share/roseus/ros/rm_msgs/msg/ChangeTool_State.l)
Linked: (/home/d5error/ws_rmrobot/devel/.private/rm_msgs/share/roseus/ros/rm_msgs/msg/Arm_IO_State.l, /home/d5error/ws_rmrobot/devel/share/roseus/ros/rm_msgs/msg/Arm_IO_State.l)
Linked: (/home/d5error/ws_rmrobot/devel/.private/rm_msgs/share/roseus/ros/rm_msgs/msg/Tool_IO_State.l, /home/d5error/ws_rmrobot/devel/share/roseus/ros/rm_msgs/msg/Tool_IO_State.l)
Linked: (/home/d5error/ws_rmrobot/devel/.private/rm_msgs/share/roseus/ros/rm_msgs/msg/MoveJ.l, /home/d5error/ws_rmrobot/devel/share/roseus/ros/rm_msgs/msg/MoveJ.l)
Linked: (/home/d5error/ws_rmrobot/devel/.private/rm_msgs/share/roseus/ros/rm_msgs/msg/Lift_Height.l, /home/d5error/ws_rmrobot/devel/share/roseus/ros/rm_msgs/msg/Lift_Height.l)
Linked: (/home/d5error/ws_rmrobot/devel/.private/rm_msgs/share/roseus/ros/rm_msgs/msg/Set_Force_Position.l, /home/d5error/ws_rmrobot/devel/share/roseus/ros/rm_msgs/msg/Set_Force_Position.l)
Linked: (/home/d5error/ws_rmrobot/devel/.private/rm_msgs/share/roseus/ros/rm_msgs/msg/Tool_Digital_Output.l, /home/d5error/ws_rmrobot/devel/share/roseus/ros/rm_msgs/msg/Tool_Digital_Output.l)
Linked: (/home/d5error/ws_rmrobot/devel/.private/rm_msgs/share/roseus/ros/rm_msgs/msg/Arm_Digital_Output.l, /home/d5error/ws_rmrobot/devel/share/roseus/ros/rm_msgs/msg/Arm_Digital_Output.l)
Linked: (/home/d5error/ws_rmrobot/devel/.private/rm_msgs/share/roseus/ros/rm_msgs/msg/Servo_GetAngle.l, /home/d5error/ws_rmrobot/devel/share/roseus/ros/rm_msgs/msg/Servo_GetAngle.l)
Linked: (/home/d5error/ws_rmrobot/devel/.private/rm_msgs/share/roseus/ros/rm_msgs/msg/Stop_Teach.l, /home/d5error/ws_rmrobot/devel/share/roseus/ros/rm_msgs/msg/Stop_Teach.l)
Linked: (/home/d5error/ws_rmrobot/devel/.private/rm_msgs/share/roseus/ros/rm_msgs/msg/Socket_Command.l, /home/d5error/ws_rmrobot/devel/share/roseus/ros/rm_msgs/msg/Socket_Command.l)
Linked: (/home/d5error/ws_rmrobot/devel/.private/rm_msgs/share/roseus/ros/rm_msgs/msg/Gripper_Pick.l, /home/d5error/ws_rmrobot/devel/share/roseus/ros/rm_msgs/msg/Gripper_Pick.l)
Linked: (/home/d5error/ws_rmrobot/devel/.private/rm_msgs/share/roseus/ros/rm_msgs/msg/Start_Multi_Drag_Teach.l, /home/d5error/ws_rmrobot/devel/share/roseus/ros/rm_msgs/msg/Start_Multi_Drag_Teach.l)
Linked: (/home/d5error/ws_rmrobot/devel/.private/rm_msgs/share/roseus/ros/rm_msgs/msg/Hand_Posture.l, /home/d5error/ws_rmrobot/devel/share/roseus/ros/rm_msgs/msg/Hand_Posture.l)
Linked: (/home/d5error/ws_rmrobot/devel/.private/rm_msgs/share/roseus/ros/rm_msgs/msg/IO_Update.l, /home/d5error/ws_rmrobot/devel/share/roseus/ros/rm_msgs/msg/IO_Update.l)
Linked: (/home/d5error/ws_rmrobot/devel/.private/rm_msgs/share/roseus/ros/rm_msgs/msg/Force_Position_State.l, /home/d5error/ws_rmrobot/devel/share/roseus/ros/rm_msgs/msg/Force_Position_State.l)
Linked: (/home/d5error/ws_rmrobot/devel/.private/rm_msgs/share/roseus/ros/rm_msgs/msg/Hand_Speed.l, /home/d5error/ws_rmrobot/devel/share/roseus/ros/rm_msgs/msg/Hand_Speed.l)
Linked: (/home/d5error/ws_rmrobot/devel/.private/rm_msgs/share/roseus/ros/rm_msgs/msg/Ort_Teach.l, /home/d5error/ws_rmrobot/devel/share/roseus/ros/rm_msgs/msg/Ort_Teach.l)
Linked: (/home/d5error/ws_rmrobot/devel/.private/rm_msgs/share/roseus/ros/rm_msgs/msg/Force_Position_Move_Pose.l, /home/d5error/ws_rmrobot/devel/share/roseus/ros/rm_msgs/msg/Force_Position_Move_Pose.l)
Linked: (/home/d5error/ws_rmrobot/devel/.private/rm_msgs/share/roseus/ros/rm_msgs/msg/ChangeWorkFrame_State.l, /home/d5error/ws_rmrobot/devel/share/roseus/ros/rm_msgs/msg/ChangeWorkFrame_State.l)
Linked: (/home/d5error/ws_rmrobot/devel/.private/rm_msgs/share/roseus/ros/rm_msgs/msg/Pos_Teach.l, /home/d5error/ws_rmrobot/devel/share/roseus/ros/rm_msgs/msg/Pos_Teach.l)
Linked: (/home/d5error/ws_rmrobot/devel/.private/rm_msgs/share/roseus/ros/rm_msgs/msg/Stop.l, /home/d5error/ws_rmrobot/devel/share/roseus/ros/rm_msgs/msg/Stop.l)
Linked: (/home/d5error/ws_rmrobot/devel/.private/rm_msgs/share/roseus/ros/rm_msgs/msg/Hand_Seq.l, /home/d5error/ws_rmrobot/devel/share/roseus/ros/rm_msgs/msg/Hand_Seq.l)
Linked: (/home/d5error/ws_rmrobot/devel/.private/rm_msgs/share/roseus/ros/rm_msgs/msg/MoveJ_P.l, /home/d5error/ws_rmrobot/devel/share/roseus/ros/rm_msgs/msg/MoveJ_P.l)
Linked: (/home/d5error/ws_rmrobot/devel/.private/rm_msgs/share/roseus/ros/rm_msgs/msg/Cabinet.l, /home/d5error/ws_rmrobot/devel/share/roseus/ros/rm_msgs/msg/Cabinet.l)
Linked: (/home/d5error/ws_rmrobot/devel/.private/rm_msgs/share/roseus/ros/rm_msgs/msg/Force_Position_Move_Joint.l, /home/d5error/ws_rmrobot/devel/share/roseus/ros/rm_msgs/msg/Force_Position_Move_Joint.l)
Linked: (/home/d5error/ws_rmrobot/devel/.private/rm_msgs/share/roseus/ros/rm_msgs/msg/Arm_Analog_Output.l, /home/d5error/ws_rmrobot/devel/share/roseus/ros/rm_msgs/msg/Arm_Analog_Output.l)
Linked: (/home/d5error/ws_rmrobot/devel/.private/rm_msgs/share/common-lisp/ros/rm_msgs/msg/_package_Arm_Joint_Speed_Max.lisp, /home/d5error/ws_rmrobot/devel/share/common-lisp/ros/rm_msgs/msg/_package_Arm_Joint_Speed_Max.lisp)
Linked: (/home/d5error/ws_rmrobot/devel/.private/rm_msgs/share/common-lisp/ros/rm_msgs/msg/Joint_Teach.lisp, /home/d5error/ws_rmrobot/devel/share/common-lisp/ros/rm_msgs/msg/Joint_Teach.lisp)
Linked: (/home/d5error/ws_rmrobot/devel/.private/rm_msgs/share/common-lisp/ros/rm_msgs/msg/_package_MoveC.lisp, /home/d5error/ws_rmrobot/devel/share/common-lisp/ros/rm_msgs/msg/_package_MoveC.lisp)
Linked: (/home/d5error/ws_rmrobot/devel/.private/rm_msgs/share/common-lisp/ros/rm_msgs/msg/_package_Gripper_Set.lisp, /home/d5error/ws_rmrobot/devel/share/common-lisp/ros/rm_msgs/msg/_package_Gripper_Set.lisp)
Linked: (/home/d5error/ws_rmrobot/devel/.private/rm_msgs/share/common-lisp/ros/rm_msgs/msg/Turtle_Driver.lisp, /home/d5error/ws_rmrobot/devel/share/common-lisp/ros/rm_msgs/msg/Turtle_Driver.lisp)
Linked: (/home/d5error/ws_rmrobot/devel/.private/rm_msgs/share/common-lisp/ros/rm_msgs/msg/Ort_Teach.lisp, /home/d5error/ws_rmrobot/devel/share/common-lisp/ros/rm_msgs/msg/Ort_Teach.lisp)
Linked: (/home/d5error/ws_rmrobot/devel/.private/rm_msgs/share/common-lisp/ros/rm_msgs/msg/_package_Force_Position_State.lisp, /home/d5error/ws_rmrobot/devel/share/common-lisp/ros/rm_msgs/msg/_package_Force_Position_State.lisp)
Linked: (/home/d5error/ws_rmrobot/devel/.private/rm_msgs/share/common-lisp/ros/rm_msgs/msg/_package_Hand_Seq.lisp, /home/d5error/ws_rmrobot/devel/share/common-lisp/ros/rm_msgs/msg/_package_Hand_Seq.lisp)
Linked: (/home/d5error/ws_rmrobot/devel/.private/rm_msgs/share/common-lisp/ros/rm_msgs/msg/Hand_Speed.lisp, /home/d5error/ws_rmrobot/devel/share/common-lisp/ros/rm_msgs/msg/Hand_Speed.lisp)
Linked: (/home/d5error/ws_rmrobot/devel/.private/rm_msgs/share/common-lisp/ros/rm_msgs/msg/_package_LiftState.lisp, /home/d5error/ws_rmrobot/devel/share/common-lisp/ros/rm_msgs/msg/_package_LiftState.lisp)
Linked: (/home/d5error/ws_rmrobot/devel/.private/rm_msgs/share/common-lisp/ros/rm_msgs/msg/_package_Servo_Move.lisp, /home/d5error/ws_rmrobot/devel/share/common-lisp/ros/rm_msgs/msg/_package_Servo_Move.lisp)
Linked: (/home/d5error/ws_rmrobot/devel/.private/rm_msgs/share/common-lisp/ros/rm_msgs/msg/_package_Six_Force.lisp, /home/d5error/ws_rmrobot/devel/share/common-lisp/ros/rm_msgs/msg/_package_Six_Force.lisp)
Linked: (/home/d5error/ws_rmrobot/devel/.private/rm_msgs/share/common-lisp/ros/rm_msgs/msg/_package_Lift_Speed.lisp, /home/d5error/ws_rmrobot/devel/share/common-lisp/ros/rm_msgs/msg/_package_Lift_Speed.lisp)
Linked: (/home/d5error/ws_rmrobot/devel/.private/rm_msgs/share/common-lisp/ros/rm_msgs/msg/_package_ChangeTool_State.lisp, /home/d5error/ws_rmrobot/devel/share/common-lisp/ros/rm_msgs/msg/_package_ChangeTool_State.lisp)
Linked: (/home/d5error/ws_rmrobot/devel/.private/rm_msgs/share/common-lisp/ros/rm_msgs/msg/_package_Force_Position_Move_Pose.lisp, /home/d5error/ws_rmrobot/devel/share/common-lisp/ros/rm_msgs/msg/_package_Force_Position_Move_Pose.lisp)
Linked: (/home/d5error/ws_rmrobot/devel/.private/rm_msgs/share/common-lisp/ros/rm_msgs/msg/Arm_IO_State.lisp, /home/d5error/ws_rmrobot/devel/share/common-lisp/ros/rm_msgs/msg/Arm_IO_State.lisp)
Linked: (/home/d5error/ws_rmrobot/devel/.private/rm_msgs/share/common-lisp/ros/rm_msgs/msg/_package_Tool_Digital_Output.lisp, /home/d5error/ws_rmrobot/devel/share/common-lisp/ros/rm_msgs/msg/_package_Tool_Digital_Output.lisp)
Linked: (/home/d5error/ws_rmrobot/devel/.private/rm_msgs/share/common-lisp/ros/rm_msgs/msg/Joint_Max_Speed.lisp, /home/d5error/ws_rmrobot/devel/share/common-lisp/ros/rm_msgs/msg/Joint_Max_Speed.lisp)
Linked: (/home/d5error/ws_rmrobot/devel/.private/rm_msgs/share/common-lisp/ros/rm_msgs/msg/ChangeTool_Name.lisp, /home/d5error/ws_rmrobot/devel/share/common-lisp/ros/rm_msgs/msg/ChangeTool_Name.lisp)
Linked: (/home/d5error/ws_rmrobot/devel/.private/rm_msgs/share/common-lisp/ros/rm_msgs/msg/_package_IO_Update.lisp, /home/d5error/ws_rmrobot/devel/share/common-lisp/ros/rm_msgs/msg/_package_IO_Update.lisp)
Linked: (/home/d5error/ws_rmrobot/devel/.private/rm_msgs/share/common-lisp/ros/rm_msgs/msg/Hand_Posture.lisp, /home/d5error/ws_rmrobot/devel/share/common-lisp/ros/rm_msgs/msg/Hand_Posture.lisp)
Linked: (/home/d5error/ws_rmrobot/devel/.private/rm_msgs/share/common-lisp/ros/rm_msgs/msg/Joint_Error_Code.lisp, /home/d5error/ws_rmrobot/devel/share/common-lisp/ros/rm_msgs/msg/Joint_Error_Code.lisp)
Linked: (/home/d5error/ws_rmrobot/devel/.private/rm_msgs/share/common-lisp/ros/rm_msgs/msg/MoveL.lisp, /home/d5error/ws_rmrobot/devel/share/common-lisp/ros/rm_msgs/msg/MoveL.lisp)
Linked: (/home/d5error/ws_rmrobot/devel/.private/rm_msgs/share/common-lisp/ros/rm_msgs/msg/Arm_Digital_Output.lisp, /home/d5error/ws_rmrobot/devel/share/common-lisp/ros/rm_msgs/msg/Arm_Digital_Output.lisp)
Linked: (/home/d5error/ws_rmrobot/devel/.private/rm_msgs/share/common-lisp/ros/rm_msgs/msg/_package_Lift_Height.lisp, /home/d5error/ws_rmrobot/devel/share/common-lisp/ros/rm_msgs/msg/_package_Lift_Height.lisp)
Linked: (/home/d5error/ws_rmrobot/devel/.private/rm_msgs/share/common-lisp/ros/rm_msgs/msg/Gripper_Set.lisp, /home/d5error/ws_rmrobot/devel/share/common-lisp/ros/rm_msgs/msg/Gripper_Set.lisp)
Linked: (/home/d5error/ws_rmrobot/devel/.private/rm_msgs/share/common-lisp/ros/rm_msgs/msg/_package_GetArmState_Command.lisp, /home/d5error/ws_rmrobot/devel/share/common-lisp/ros/rm_msgs/msg/_package_GetArmState_Command.lisp)
Linked: (/home/d5error/ws_rmrobot/devel/.private/rm_msgs/share/common-lisp/ros/rm_msgs/msg/Joint_Current.lisp, /home/d5error/ws_rmrobot/devel/share/common-lisp/ros/rm_msgs/msg/Joint_Current.lisp)
Linked: (/home/d5error/ws_rmrobot/devel/.private/rm_msgs/share/common-lisp/ros/rm_msgs/msg/_package_Force_Position_Move_Joint.lisp, /home/d5error/ws_rmrobot/devel/share/common-lisp/ros/rm_msgs/msg/_package_Force_Position_Move_Joint.lisp)
Linked: (/home/d5error/ws_rmrobot/devel/.private/rm_msgs/share/common-lisp/ros/rm_msgs/msg/_package_Pos_Teach.lisp, /home/d5error/ws_rmrobot/devel/share/common-lisp/ros/rm_msgs/msg/_package_Pos_Teach.lisp)
Linked: (/home/d5error/ws_rmrobot/devel/.private/rm_msgs/share/common-lisp/ros/rm_msgs/msg/Arm_Current_State.lisp, /home/d5error/ws_rmrobot/devel/share/common-lisp/ros/rm_msgs/msg/Arm_Current_State.lisp)
Linked: (/home/d5error/ws_rmrobot/devel/.private/rm_msgs/share/common-lisp/ros/rm_msgs/msg/_package_MoveL.lisp, /home/d5error/ws_rmrobot/devel/share/common-lisp/ros/rm_msgs/msg/_package_MoveL.lisp)
Linked: (/home/d5error/ws_rmrobot/devel/.private/rm_msgs/share/common-lisp/ros/rm_msgs/msg/Lift_Speed.lisp, /home/d5error/ws_rmrobot/devel/share/common-lisp/ros/rm_msgs/msg/Lift_Speed.lisp)
Linked: (/home/d5error/ws_rmrobot/devel/.private/rm_msgs/share/common-lisp/ros/rm_msgs/msg/_package_Hand_Angle.lisp, /home/d5error/ws_rmrobot/devel/share/common-lisp/ros/rm_msgs/msg/_package_Hand_Angle.lisp)
Linked: (/home/d5error/ws_rmrobot/devel/.private/rm_msgs/share/common-lisp/ros/rm_msgs/msg/Force_Position_Move_Joint.lisp, /home/d5error/ws_rmrobot/devel/share/common-lisp/ros/rm_msgs/msg/Force_Position_Move_Joint.lisp)
Linked: (/home/d5error/ws_rmrobot/devel/.private/rm_msgs/share/common-lisp/ros/rm_msgs/msg/_package_Turtle_Driver.lisp, /home/d5error/ws_rmrobot/devel/share/common-lisp/ros/rm_msgs/msg/_package_Turtle_Driver.lisp)
Linked: (/home/d5error/ws_rmrobot/devel/.private/rm_msgs/share/common-lisp/ros/rm_msgs/msg/ChangeTool_State.lisp, /home/d5error/ws_rmrobot/devel/share/common-lisp/ros/rm_msgs/msg/ChangeTool_State.lisp)
Linked: (/home/d5error/ws_rmrobot/devel/.private/rm_msgs/share/common-lisp/ros/rm_msgs/msg/_package_ChangeWorkFrame_Name.lisp, /home/d5error/ws_rmrobot/devel/share/common-lisp/ros/rm_msgs/msg/_package_ChangeWorkFrame_Name.lisp)
Linked: (/home/d5error/ws_rmrobot/devel/.private/rm_msgs/share/common-lisp/ros/rm_msgs/msg/Hand_Seq.lisp, /home/d5error/ws_rmrobot/devel/share/common-lisp/ros/rm_msgs/msg/Hand_Seq.lisp)
Linked: (/home/d5error/ws_rmrobot/devel/.private/rm_msgs/share/common-lisp/ros/rm_msgs/msg/Servo_GetAngle.lisp, /home/d5error/ws_rmrobot/devel/share/common-lisp/ros/rm_msgs/msg/Servo_GetAngle.lisp)
Linked: (/home/d5error/ws_rmrobot/devel/.private/rm_msgs/share/common-lisp/ros/rm_msgs/msg/_package_MoveJ.lisp, /home/d5error/ws_rmrobot/devel/share/common-lisp/ros/rm_msgs/msg/_package_MoveJ.lisp)
Linked: (/home/d5error/ws_rmrobot/devel/.private/rm_msgs/share/common-lisp/ros/rm_msgs/msg/_package_Arm_Digital_Output.lisp, /home/d5error/ws_rmrobot/devel/share/common-lisp/ros/rm_msgs/msg/_package_Arm_Digital_Output.lisp)
Linked: (/home/d5error/ws_rmrobot/devel/.private/rm_msgs/share/common-lisp/ros/rm_msgs/msg/CartePos.lisp, /home/d5error/ws_rmrobot/devel/share/common-lisp/ros/rm_msgs/msg/CartePos.lisp)
Linked: (/home/d5error/ws_rmrobot/devel/.private/rm_msgs/share/common-lisp/ros/rm_msgs/msg/_package_Joint_Current.lisp, /home/d5error/ws_rmrobot/devel/share/common-lisp/ros/rm_msgs/msg/_package_Joint_Current.lisp)
Linked: (/home/d5error/ws_rmrobot/devel/.private/rm_msgs/share/common-lisp/ros/rm_msgs/msg/_package_Stop_Teach.lisp, /home/d5error/ws_rmrobot/devel/share/common-lisp/ros/rm_msgs/msg/_package_Stop_Teach.lisp)
Linked: (/home/d5error/ws_rmrobot/devel/.private/rm_msgs/share/common-lisp/ros/rm_msgs/msg/_package_Stop.lisp, /home/d5error/ws_rmrobot/devel/share/common-lisp/ros/rm_msgs/msg/_package_Stop.lisp)
Linked: (/home/d5error/ws_rmrobot/devel/.private/rm_msgs/share/common-lisp/ros/rm_msgs/msg/Stop.lisp, /home/d5error/ws_rmrobot/devel/share/common-lisp/ros/rm_msgs/msg/Stop.lisp)
Linked: (/home/d5error/ws_rmrobot/devel/.private/rm_msgs/share/common-lisp/ros/rm_msgs/msg/Servo_Move.lisp, /home/d5error/ws_rmrobot/devel/share/common-lisp/ros/rm_msgs/msg/Servo_Move.lisp)
Linked: (/home/d5error/ws_rmrobot/devel/.private/rm_msgs/share/common-lisp/ros/rm_msgs/msg/Arm_Joint_Speed_Max.lisp, /home/d5error/ws_rmrobot/devel/share/common-lisp/ros/rm_msgs/msg/Arm_Joint_Speed_Max.lisp)
Linked: (/home/d5error/ws_rmrobot/devel/.private/rm_msgs/share/common-lisp/ros/rm_msgs/msg/MoveJ_P.lisp, /home/d5error/ws_rmrobot/devel/share/common-lisp/ros/rm_msgs/msg/MoveJ_P.lisp)
Linked: (/home/d5error/ws_rmrobot/devel/.private/rm_msgs/share/common-lisp/ros/rm_msgs/msg/Joint_Enable.lisp, /home/d5error/ws_rmrobot/devel/share/common-lisp/ros/rm_msgs/msg/Joint_Enable.lisp)
Linked: (/home/d5error/ws_rmrobot/devel/.private/rm_msgs/share/common-lisp/ros/rm_msgs/msg/_package_Set_Force_Position.lisp, /home/d5error/ws_rmrobot/devel/share/common-lisp/ros/rm_msgs/msg/_package_Set_Force_Position.lisp)
Linked: (/home/d5error/ws_rmrobot/devel/.private/rm_msgs/share/common-lisp/ros/rm_msgs/msg/_package_Start_Multi_Drag_Teach.lisp, /home/d5error/ws_rmrobot/devel/share/common-lisp/ros/rm_msgs/msg/_package_Start_Multi_Drag_Teach.lisp)
Linked: (/home/d5error/ws_rmrobot/devel/.private/rm_msgs/share/common-lisp/ros/rm_msgs/msg/_package_Gripper_Pick.lisp, /home/d5error/ws_rmrobot/devel/share/common-lisp/ros/rm_msgs/msg/_package_Gripper_Pick.lisp)
Linked: (/home/d5error/ws_rmrobot/devel/.private/rm_msgs/share/common-lisp/ros/rm_msgs/msg/_package_Set_Realtime_Push.lisp, /home/d5error/ws_rmrobot/devel/share/common-lisp/ros/rm_msgs/msg/_package_Set_Realtime_Push.lisp)
Linked: (/home/d5error/ws_rmrobot/devel/.private/rm_msgs/share/common-lisp/ros/rm_msgs/msg/Joint_Step.lisp, /home/d5error/ws_rmrobot/devel/share/common-lisp/ros/rm_msgs/msg/Joint_Step.lisp)
Linked: (/home/d5error/ws_rmrobot/devel/.private/rm_msgs/share/common-lisp/ros/rm_msgs/msg/Stop_Teach.lisp, /home/d5error/ws_rmrobot/devel/share/common-lisp/ros/rm_msgs/msg/Stop_Teach.lisp)
Linked: (/home/d5error/ws_rmrobot/devel/.private/rm_msgs/share/common-lisp/ros/rm_msgs/msg/Tool_IO_State.lisp, /home/d5error/ws_rmrobot/devel/share/common-lisp/ros/rm_msgs/msg/Tool_IO_State.lisp)
Linked: (/home/d5error/ws_rmrobot/devel/.private/rm_msgs/share/common-lisp/ros/rm_msgs/msg/LiftState.lisp, /home/d5error/ws_rmrobot/devel/share/common-lisp/ros/rm_msgs/msg/LiftState.lisp)
Linked: (/home/d5error/ws_rmrobot/devel/.private/rm_msgs/share/common-lisp/ros/rm_msgs/msg/_package_ArmState.lisp, /home/d5error/ws_rmrobot/devel/share/common-lisp/ros/rm_msgs/msg/_package_ArmState.lisp)
Linked: (/home/d5error/ws_rmrobot/devel/.private/rm_msgs/share/common-lisp/ros/rm_msgs/msg/_package_Tool_IO_State.lisp, /home/d5error/ws_rmrobot/devel/share/common-lisp/ros/rm_msgs/msg/_package_Tool_IO_State.lisp)
Linked: (/home/d5error/ws_rmrobot/devel/.private/rm_msgs/share/common-lisp/ros/rm_msgs/msg/Gripper_Pick.lisp, /home/d5error/ws_rmrobot/devel/share/common-lisp/ros/rm_msgs/msg/Gripper_Pick.lisp)
Linked: (/home/d5error/ws_rmrobot/devel/.private/rm_msgs/share/common-lisp/ros/rm_msgs/msg/_package_Cabinet.lisp, /home/d5error/ws_rmrobot/devel/share/common-lisp/ros/rm_msgs/msg/_package_Cabinet.lisp)
Linked: (/home/d5error/ws_rmrobot/devel/.private/rm_msgs/share/common-lisp/ros/rm_msgs/msg/_package_JointPos.lisp, /home/d5error/ws_rmrobot/devel/share/common-lisp/ros/rm_msgs/msg/_package_JointPos.lisp)
Linked: (/home/d5error/ws_rmrobot/devel/.private/rm_msgs/share/common-lisp/ros/rm_msgs/msg/_package_ChangeWorkFrame_State.lisp, /home/d5error/ws_rmrobot/devel/share/common-lisp/ros/rm_msgs/msg/_package_ChangeWorkFrame_State.lisp)
Linked: (/home/d5error/ws_rmrobot/devel/.private/rm_msgs/share/common-lisp/ros/rm_msgs/msg/_package_Joint_Teach.lisp, /home/d5error/ws_rmrobot/devel/share/common-lisp/ros/rm_msgs/msg/_package_Joint_Teach.lisp)
Linked: (/home/d5error/ws_rmrobot/devel/.private/rm_msgs/share/common-lisp/ros/rm_msgs/msg/_package_Joint_Enable.lisp, /home/d5error/ws_rmrobot/devel/share/common-lisp/ros/rm_msgs/msg/_package_Joint_Enable.lisp)
Linked: (/home/d5error/ws_rmrobot/devel/.private/rm_msgs/share/common-lisp/ros/rm_msgs/msg/Socket_Command.lisp, /home/d5error/ws_rmrobot/devel/share/common-lisp/ros/rm_msgs/msg/Socket_Command.lisp)
Linked: (/home/d5error/ws_rmrobot/devel/.private/rm_msgs/share/common-lisp/ros/rm_msgs/msg/IO_Update.lisp, /home/d5error/ws_rmrobot/devel/share/common-lisp/ros/rm_msgs/msg/IO_Update.lisp)
Linked: (/home/d5error/ws_rmrobot/devel/.private/rm_msgs/share/common-lisp/ros/rm_msgs/msg/_package_Arm_Current_State.lisp, /home/d5error/ws_rmrobot/devel/share/common-lisp/ros/rm_msgs/msg/_package_Arm_Current_State.lisp)
Linked: (/home/d5error/ws_rmrobot/devel/.private/rm_msgs/share/common-lisp/ros/rm_msgs/msg/Cabinet.lisp, /home/d5error/ws_rmrobot/devel/share/common-lisp/ros/rm_msgs/msg/Cabinet.lisp)
Linked: (/home/d5error/ws_rmrobot/devel/.private/rm_msgs/share/common-lisp/ros/rm_msgs/msg/MoveJ.lisp, /home/d5error/ws_rmrobot/devel/share/common-lisp/ros/rm_msgs/msg/MoveJ.lisp)
Linked: (/home/d5error/ws_rmrobot/devel/.private/rm_msgs/share/common-lisp/ros/rm_msgs/msg/ArmState.lisp, /home/d5error/ws_rmrobot/devel/share/common-lisp/ros/rm_msgs/msg/ArmState.lisp)
Linked: (/home/d5error/ws_rmrobot/devel/.private/rm_msgs/share/common-lisp/ros/rm_msgs/msg/_package_Hand_Posture.lisp, /home/d5error/ws_rmrobot/devel/share/common-lisp/ros/rm_msgs/msg/_package_Hand_Posture.lisp)
Linked: (/home/d5error/ws_rmrobot/devel/.private/rm_msgs/share/common-lisp/ros/rm_msgs/msg/Arm_Analog_Output.lisp, /home/d5error/ws_rmrobot/devel/share/common-lisp/ros/rm_msgs/msg/Arm_Analog_Output.lisp)
Linked: (/home/d5error/ws_rmrobot/devel/.private/rm_msgs/share/common-lisp/ros/rm_msgs/msg/_package_CartePos.lisp, /home/d5error/ws_rmrobot/devel/share/common-lisp/ros/rm_msgs/msg/_package_CartePos.lisp)
Linked: (/home/d5error/ws_rmrobot/devel/.private/rm_msgs/share/common-lisp/ros/rm_msgs/msg/Set_Force_Position.lisp, /home/d5error/ws_rmrobot/devel/share/common-lisp/ros/rm_msgs/msg/Set_Force_Position.lisp)
Linked: (/home/d5error/ws_rmrobot/devel/.private/rm_msgs/share/common-lisp/ros/rm_msgs/msg/Start_Multi_Drag_Teach.lisp, /home/d5error/ws_rmrobot/devel/share/common-lisp/ros/rm_msgs/msg/Start_Multi_Drag_Teach.lisp)
Linked: (/home/d5error/ws_rmrobot/devel/.private/rm_msgs/share/common-lisp/ros/rm_msgs/msg/_package_Tool_Analog_Output.lisp, /home/d5error/ws_rmrobot/devel/share/common-lisp/ros/rm_msgs/msg/_package_Tool_Analog_Output.lisp)
Linked: (/home/d5error/ws_rmrobot/devel/.private/rm_msgs/share/common-lisp/ros/rm_msgs/msg/_package_Manual_Set_Force_Pose.lisp, /home/d5error/ws_rmrobot/devel/share/common-lisp/ros/rm_msgs/msg/_package_Manual_Set_Force_Pose.lisp)
Linked: (/home/d5error/ws_rmrobot/devel/.private/rm_msgs/share/common-lisp/ros/rm_msgs/msg/_package_Ort_Teach.lisp, /home/d5error/ws_rmrobot/devel/share/common-lisp/ros/rm_msgs/msg/_package_Ort_Teach.lisp)
Linked: (/home/d5error/ws_rmrobot/devel/.private/rm_msgs/share/common-lisp/ros/rm_msgs/msg/JointPos.lisp, /home/d5error/ws_rmrobot/devel/share/common-lisp/ros/rm_msgs/msg/JointPos.lisp)
Linked: (/home/d5error/ws_rmrobot/devel/.private/rm_msgs/share/common-lisp/ros/rm_msgs/msg/_package_Plan_State.lisp, /home/d5error/ws_rmrobot/devel/share/common-lisp/ros/rm_msgs/msg/_package_Plan_State.lisp)
Linked: (/home/d5error/ws_rmrobot/devel/.private/rm_msgs/share/common-lisp/ros/rm_msgs/msg/ChangeWorkFrame_Name.lisp, /home/d5error/ws_rmrobot/devel/share/common-lisp/ros/rm_msgs/msg/ChangeWorkFrame_Name.lisp)
Linked: (/home/d5error/ws_rmrobot/devel/.private/rm_msgs/share/common-lisp/ros/rm_msgs/msg/ChangeWorkFrame_State.lisp, /home/d5error/ws_rmrobot/devel/share/common-lisp/ros/rm_msgs/msg/ChangeWorkFrame_State.lisp)
Linked: (/home/d5error/ws_rmrobot/devel/.private/rm_msgs/share/common-lisp/ros/rm_msgs/msg/_package_Joint_Error_Code.lisp, /home/d5error/ws_rmrobot/devel/share/common-lisp/ros/rm_msgs/msg/_package_Joint_Error_Code.lisp)
Linked: (/home/d5error/ws_rmrobot/devel/.private/rm_msgs/share/common-lisp/ros/rm_msgs/msg/Force_Position_State.lisp, /home/d5error/ws_rmrobot/devel/share/common-lisp/ros/rm_msgs/msg/Force_Position_State.lisp)
Linked: (/home/d5error/ws_rmrobot/devel/.private/rm_msgs/share/common-lisp/ros/rm_msgs/msg/Plan_State.lisp, /home/d5error/ws_rmrobot/devel/share/common-lisp/ros/rm_msgs/msg/Plan_State.lisp)
Linked: (/home/d5error/ws_rmrobot/devel/.private/rm_msgs/share/common-lisp/ros/rm_msgs/msg/Lift_Height.lisp, /home/d5error/ws_rmrobot/devel/share/common-lisp/ros/rm_msgs/msg/Lift_Height.lisp)
Linked: (/home/d5error/ws_rmrobot/devel/.private/rm_msgs/share/common-lisp/ros/rm_msgs/msg/Force_Position_Move_Pose.lisp, /home/d5error/ws_rmrobot/devel/share/common-lisp/ros/rm_msgs/msg/Force_Position_Move_Pose.lisp)
Linked: (/home/d5error/ws_rmrobot/devel/.private/rm_msgs/share/common-lisp/ros/rm_msgs/msg/_package.lisp, /home/d5error/ws_rmrobot/devel/share/common-lisp/ros/rm_msgs/msg/_package.lisp)
Linked: (/home/d5error/ws_rmrobot/devel/.private/rm_msgs/share/common-lisp/ros/rm_msgs/msg/Six_Force.lisp, /home/d5error/ws_rmrobot/devel/share/common-lisp/ros/rm_msgs/msg/Six_Force.lisp)
Linked: (/home/d5error/ws_rmrobot/devel/.private/rm_msgs/share/common-lisp/ros/rm_msgs/msg/_package_Hand_Force.lisp, /home/d5error/ws_rmrobot/devel/share/common-lisp/ros/rm_msgs/msg/_package_Hand_Force.lisp)
Linked: (/home/d5error/ws_rmrobot/devel/.private/rm_msgs/share/common-lisp/ros/rm_msgs/msg/Tool_Analog_Output.lisp, /home/d5error/ws_rmrobot/devel/share/common-lisp/ros/rm_msgs/msg/Tool_Analog_Output.lisp)
Linked: (/home/d5error/ws_rmrobot/devel/.private/rm_msgs/share/common-lisp/ros/rm_msgs/msg/_package_Socket_Command.lisp, /home/d5error/ws_rmrobot/devel/share/common-lisp/ros/rm_msgs/msg/_package_Socket_Command.lisp)
Linked: (/home/d5error/ws_rmrobot/devel/.private/rm_msgs/share/common-lisp/ros/rm_msgs/msg/_package_ChangeTool_Name.lisp, /home/d5error/ws_rmrobot/devel/share/common-lisp/ros/rm_msgs/msg/_package_ChangeTool_Name.lisp)
Linked: (/home/d5error/ws_rmrobot/devel/.private/rm_msgs/share/common-lisp/ros/rm_msgs/msg/Pos_Teach.lisp, /home/d5error/ws_rmrobot/devel/share/common-lisp/ros/rm_msgs/msg/Pos_Teach.lisp)
Linked: (/home/d5error/ws_rmrobot/devel/.private/rm_msgs/share/common-lisp/ros/rm_msgs/msg/_package_Hand_Speed.lisp, /home/d5error/ws_rmrobot/devel/share/common-lisp/ros/rm_msgs/msg/_package_Hand_Speed.lisp)
Linked: (/home/d5error/ws_rmrobot/devel/.private/rm_msgs/share/common-lisp/ros/rm_msgs/msg/Manual_Set_Force_Pose.lisp, /home/d5error/ws_rmrobot/devel/share/common-lisp/ros/rm_msgs/msg/Manual_Set_Force_Pose.lisp)
Linked: (/home/d5error/ws_rmrobot/devel/.private/rm_msgs/share/common-lisp/ros/rm_msgs/msg/Set_Realtime_Push.lisp, /home/d5error/ws_rmrobot/devel/share/common-lisp/ros/rm_msgs/msg/Set_Realtime_Push.lisp)
Linked: (/home/d5error/ws_rmrobot/devel/.private/rm_msgs/share/common-lisp/ros/rm_msgs/msg/GetArmState_Command.lisp, /home/d5error/ws_rmrobot/devel/share/common-lisp/ros/rm_msgs/msg/GetArmState_Command.lisp)
Linked: (/home/d5error/ws_rmrobot/devel/.private/rm_msgs/share/common-lisp/ros/rm_msgs/msg/_package_Arm_IO_State.lisp, /home/d5error/ws_rmrobot/devel/share/common-lisp/ros/rm_msgs/msg/_package_Arm_IO_State.lisp)
Linked: (/home/d5error/ws_rmrobot/devel/.private/rm_msgs/share/common-lisp/ros/rm_msgs/msg/_package_Joint_Step.lisp, /home/d5error/ws_rmrobot/devel/share/common-lisp/ros/rm_msgs/msg/_package_Joint_Step.lisp)
Linked: (/home/d5error/ws_rmrobot/devel/.private/rm_msgs/share/common-lisp/ros/rm_msgs/msg/_package_MoveJ_P.lisp, /home/d5error/ws_rmrobot/devel/share/common-lisp/ros/rm_msgs/msg/_package_MoveJ_P.lisp)
Linked: (/home/d5error/ws_rmrobot/devel/.private/rm_msgs/share/common-lisp/ros/rm_msgs/msg/Tool_Digital_Output.lisp, /home/d5error/ws_rmrobot/devel/share/common-lisp/ros/rm_msgs/msg/Tool_Digital_Output.lisp)
Linked: (/home/d5error/ws_rmrobot/devel/.private/rm_msgs/share/common-lisp/ros/rm_msgs/msg/Hand_Force.lisp, /home/d5error/ws_rmrobot/devel/share/common-lisp/ros/rm_msgs/msg/Hand_Force.lisp)
Linked: (/home/d5error/ws_rmrobot/devel/.private/rm_msgs/share/common-lisp/ros/rm_msgs/msg/_package_Servo_GetAngle.lisp, /home/d5error/ws_rmrobot/devel/share/common-lisp/ros/rm_msgs/msg/_package_Servo_GetAngle.lisp)
Linked: (/home/d5error/ws_rmrobot/devel/.private/rm_msgs/share/common-lisp/ros/rm_msgs/msg/_package_Joint_Max_Speed.lisp, /home/d5error/ws_rmrobot/devel/share/common-lisp/ros/rm_msgs/msg/_package_Joint_Max_Speed.lisp)
Linked: (/home/d5error/ws_rmrobot/devel/.private/rm_msgs/share/common-lisp/ros/rm_msgs/msg/Hand_Angle.lisp, /home/d5error/ws_rmrobot/devel/share/common-lisp/ros/rm_msgs/msg/Hand_Angle.lisp)
Linked: (/home/d5error/ws_rmrobot/devel/.private/rm_msgs/share/common-lisp/ros/rm_msgs/msg/MoveC.lisp, /home/d5error/ws_rmrobot/devel/share/common-lisp/ros/rm_msgs/msg/MoveC.lisp)
Linked: (/home/d5error/ws_rmrobot/devel/.private/rm_msgs/share/common-lisp/ros/rm_msgs/msg/_package_Arm_Analog_Output.lisp, /home/d5error/ws_rmrobot/devel/share/common-lisp/ros/rm_msgs/msg/_package_Arm_Analog_Output.lisp)
Linked: (/home/d5error/ws_rmrobot/devel/.private/rm_msgs/share/common-lisp/ros/rm_msgs/msg/rm_msgs-msg.asd, /home/d5error/ws_rmrobot/devel/share/common-lisp/ros/rm_msgs/msg/rm_msgs-msg.asd)
Linked: (/home/d5error/ws_rmrobot/devel/.private/rm_msgs/share/gennodejs/ros/rm_msgs/_index.js, /home/d5error/ws_rmrobot/devel/share/gennodejs/ros/rm_msgs/_index.js)
Linked: (/home/d5error/ws_rmrobot/devel/.private/rm_msgs/share/gennodejs/ros/rm_msgs/msg/Plan_State.js, /home/d5error/ws_rmrobot/devel/share/gennodejs/ros/rm_msgs/msg/Plan_State.js)
Linked: (/home/d5error/ws_rmrobot/devel/.private/rm_msgs/share/gennodejs/ros/rm_msgs/msg/Arm_Analog_Output.js, /home/d5error/ws_rmrobot/devel/share/gennodejs/ros/rm_msgs/msg/Arm_Analog_Output.js)
Linked: (/home/d5error/ws_rmrobot/devel/.private/rm_msgs/share/gennodejs/ros/rm_msgs/msg/_index.js, /home/d5error/ws_rmrobot/devel/share/gennodejs/ros/rm_msgs/msg/_index.js)
Linked: (/home/d5error/ws_rmrobot/devel/.private/rm_msgs/share/gennodejs/ros/rm_msgs/msg/Lift_Height.js, /home/d5error/ws_rmrobot/devel/share/gennodejs/ros/rm_msgs/msg/Lift_Height.js)
Linked: (/home/d5error/ws_rmrobot/devel/.private/rm_msgs/share/gennodejs/ros/rm_msgs/msg/Arm_IO_State.js, /home/d5error/ws_rmrobot/devel/share/gennodejs/ros/rm_msgs/msg/Arm_IO_State.js)
Linked: (/home/d5error/ws_rmrobot/devel/.private/rm_msgs/share/gennodejs/ros/rm_msgs/msg/ArmState.js, /home/d5error/ws_rmrobot/devel/share/gennodejs/ros/rm_msgs/msg/ArmState.js)
Linked: (/home/d5error/ws_rmrobot/devel/.private/rm_msgs/share/gennodejs/ros/rm_msgs/msg/Arm_Current_State.js, /home/d5error/ws_rmrobot/devel/share/gennodejs/ros/rm_msgs/msg/Arm_Current_State.js)
Linked: (/home/d5error/ws_rmrobot/devel/.private/rm_msgs/share/gennodejs/ros/rm_msgs/msg/CartePos.js, /home/d5error/ws_rmrobot/devel/share/gennodejs/ros/rm_msgs/msg/CartePos.js)
Linked: (/home/d5error/ws_rmrobot/devel/.private/rm_msgs/share/gennodejs/ros/rm_msgs/msg/Joint_Step.js, /home/d5error/ws_rmrobot/devel/share/gennodejs/ros/rm_msgs/msg/Joint_Step.js)
Linked: (/home/d5error/ws_rmrobot/devel/.private/rm_msgs/share/gennodejs/ros/rm_msgs/msg/Turtle_Driver.js, /home/d5error/ws_rmrobot/devel/share/gennodejs/ros/rm_msgs/msg/Turtle_Driver.js)
Linked: (/home/d5error/ws_rmrobot/devel/.private/rm_msgs/share/gennodejs/ros/rm_msgs/msg/Arm_Joint_Speed_Max.js, /home/d5error/ws_rmrobot/devel/share/gennodejs/ros/rm_msgs/msg/Arm_Joint_Speed_Max.js)
Linked: (/home/d5error/ws_rmrobot/devel/.private/rm_msgs/share/gennodejs/ros/rm_msgs/msg/Force_Position_Move_Pose.js, /home/d5error/ws_rmrobot/devel/share/gennodejs/ros/rm_msgs/msg/Force_Position_Move_Pose.js)
Linked: (/home/d5error/ws_rmrobot/devel/.private/rm_msgs/share/gennodejs/ros/rm_msgs/msg/Cabinet.js, /home/d5error/ws_rmrobot/devel/share/gennodejs/ros/rm_msgs/msg/Cabinet.js)
Linked: (/home/d5error/ws_rmrobot/devel/.private/rm_msgs/share/gennodejs/ros/rm_msgs/msg/Manual_Set_Force_Pose.js, /home/d5error/ws_rmrobot/devel/share/gennodejs/ros/rm_msgs/msg/Manual_Set_Force_Pose.js)
Linked: (/home/d5error/ws_rmrobot/devel/.private/rm_msgs/share/gennodejs/ros/rm_msgs/msg/Joint_Max_Speed.js, /home/d5error/ws_rmrobot/devel/share/gennodejs/ros/rm_msgs/msg/Joint_Max_Speed.js)
Linked: (/home/d5error/ws_rmrobot/devel/.private/rm_msgs/share/gennodejs/ros/rm_msgs/msg/Start_Multi_Drag_Teach.js, /home/d5error/ws_rmrobot/devel/share/gennodejs/ros/rm_msgs/msg/Start_Multi_Drag_Teach.js)
Linked: (/home/d5error/ws_rmrobot/devel/.private/rm_msgs/share/gennodejs/ros/rm_msgs/msg/Tool_Analog_Output.js, /home/d5error/ws_rmrobot/devel/share/gennodejs/ros/rm_msgs/msg/Tool_Analog_Output.js)
Linked: (/home/d5error/ws_rmrobot/devel/.private/rm_msgs/share/gennodejs/ros/rm_msgs/msg/Joint_Teach.js, /home/d5error/ws_rmrobot/devel/share/gennodejs/ros/rm_msgs/msg/Joint_Teach.js)
Linked: (/home/d5error/ws_rmrobot/devel/.private/rm_msgs/share/gennodejs/ros/rm_msgs/msg/ChangeWorkFrame_State.js, /home/d5error/ws_rmrobot/devel/share/gennodejs/ros/rm_msgs/msg/ChangeWorkFrame_State.js)
Linked: (/home/d5error/ws_rmrobot/devel/.private/rm_msgs/share/gennodejs/ros/rm_msgs/msg/Hand_Angle.js, /home/d5error/ws_rmrobot/devel/share/gennodejs/ros/rm_msgs/msg/Hand_Angle.js)
Linked: (/home/d5error/ws_rmrobot/devel/.private/rm_msgs/share/gennodejs/ros/rm_msgs/msg/ChangeTool_State.js, /home/d5error/ws_rmrobot/devel/share/gennodejs/ros/rm_msgs/msg/ChangeTool_State.js)
Linked: (/home/d5error/ws_rmrobot/devel/.private/rm_msgs/share/gennodejs/ros/rm_msgs/msg/Hand_Posture.js, /home/d5error/ws_rmrobot/devel/share/gennodejs/ros/rm_msgs/msg/Hand_Posture.js)
Linked: (/home/d5error/ws_rmrobot/devel/.private/rm_msgs/share/gennodejs/ros/rm_msgs/msg/Hand_Force.js, /home/d5error/ws_rmrobot/devel/share/gennodejs/ros/rm_msgs/msg/Hand_Force.js)
Linked: (/home/d5error/ws_rmrobot/devel/.private/rm_msgs/share/gennodejs/ros/rm_msgs/msg/Lift_Speed.js, /home/d5error/ws_rmrobot/devel/share/gennodejs/ros/rm_msgs/msg/Lift_Speed.js)
Linked: (/home/d5error/ws_rmrobot/devel/.private/rm_msgs/share/gennodejs/ros/rm_msgs/msg/Gripper_Set.js, /home/d5error/ws_rmrobot/devel/share/gennodejs/ros/rm_msgs/msg/Gripper_Set.js)
Linked: (/home/d5error/ws_rmrobot/devel/.private/rm_msgs/share/gennodejs/ros/rm_msgs/msg/MoveL.js, /home/d5error/ws_rmrobot/devel/share/gennodejs/ros/rm_msgs/msg/MoveL.js)
Linked: (/home/d5error/ws_rmrobot/devel/.private/rm_msgs/share/gennodejs/ros/rm_msgs/msg/MoveJ_P.js, /home/d5error/ws_rmrobot/devel/share/gennodejs/ros/rm_msgs/msg/MoveJ_P.js)
Linked: (/home/d5error/ws_rmrobot/devel/.private/rm_msgs/share/gennodejs/ros/rm_msgs/msg/Gripper_Pick.js, /home/d5error/ws_rmrobot/devel/share/gennodejs/ros/rm_msgs/msg/Gripper_Pick.js)
Linked: (/home/d5error/ws_rmrobot/devel/.private/rm_msgs/share/gennodejs/ros/rm_msgs/msg/ChangeTool_Name.js, /home/d5error/ws_rmrobot/devel/share/gennodejs/ros/rm_msgs/msg/ChangeTool_Name.js)
Linked: (/home/d5error/ws_rmrobot/devel/.private/rm_msgs/share/gennodejs/ros/rm_msgs/msg/Tool_IO_State.js, /home/d5error/ws_rmrobot/devel/share/gennodejs/ros/rm_msgs/msg/Tool_IO_State.js)
Linked: (/home/d5error/ws_rmrobot/devel/.private/rm_msgs/share/gennodejs/ros/rm_msgs/msg/Servo_GetAngle.js, /home/d5error/ws_rmrobot/devel/share/gennodejs/ros/rm_msgs/msg/Servo_GetAngle.js)
Linked: (/home/d5error/ws_rmrobot/devel/.private/rm_msgs/share/gennodejs/ros/rm_msgs/msg/Set_Realtime_Push.js, /home/d5error/ws_rmrobot/devel/share/gennodejs/ros/rm_msgs/msg/Set_Realtime_Push.js)
Linked: (/home/d5error/ws_rmrobot/devel/.private/rm_msgs/share/gennodejs/ros/rm_msgs/msg/Socket_Command.js, /home/d5error/ws_rmrobot/devel/share/gennodejs/ros/rm_msgs/msg/Socket_Command.js)
Linked: (/home/d5error/ws_rmrobot/devel/.private/rm_msgs/share/gennodejs/ros/rm_msgs/msg/Stop.js, /home/d5error/ws_rmrobot/devel/share/gennodejs/ros/rm_msgs/msg/Stop.js)
Linked: (/home/d5error/ws_rmrobot/devel/.private/rm_msgs/share/gennodejs/ros/rm_msgs/msg/Joint_Enable.js, /home/d5error/ws_rmrobot/devel/share/gennodejs/ros/rm_msgs/msg/Joint_Enable.js)
Linked: (/home/d5error/ws_rmrobot/devel/.private/rm_msgs/share/gennodejs/ros/rm_msgs/msg/Hand_Speed.js, /home/d5error/ws_rmrobot/devel/share/gennodejs/ros/rm_msgs/msg/Hand_Speed.js)
Linked: (/home/d5error/ws_rmrobot/devel/.private/rm_msgs/share/gennodejs/ros/rm_msgs/msg/Force_Position_Move_Joint.js, /home/d5error/ws_rmrobot/devel/share/gennodejs/ros/rm_msgs/msg/Force_Position_Move_Joint.js)
Linked: (/home/d5error/ws_rmrobot/devel/.private/rm_msgs/share/gennodejs/ros/rm_msgs/msg/Tool_Digital_Output.js, /home/d5error/ws_rmrobot/devel/share/gennodejs/ros/rm_msgs/msg/Tool_Digital_Output.js)
Linked: (/home/d5error/ws_rmrobot/devel/.private/rm_msgs/share/gennodejs/ros/rm_msgs/msg/Ort_Teach.js, /home/d5error/ws_rmrobot/devel/share/gennodejs/ros/rm_msgs/msg/Ort_Teach.js)
Linked: (/home/d5error/ws_rmrobot/devel/.private/rm_msgs/share/gennodejs/ros/rm_msgs/msg/Pos_Teach.js, /home/d5error/ws_rmrobot/devel/share/gennodejs/ros/rm_msgs/msg/Pos_Teach.js)
Linked: (/home/d5error/ws_rmrobot/devel/.private/rm_msgs/share/gennodejs/ros/rm_msgs/msg/JointPos.js, /home/d5error/ws_rmrobot/devel/share/gennodejs/ros/rm_msgs/msg/JointPos.js)
Linked: (/home/d5error/ws_rmrobot/devel/.private/rm_msgs/share/gennodejs/ros/rm_msgs/msg/IO_Update.js, /home/d5error/ws_rmrobot/devel/share/gennodejs/ros/rm_msgs/msg/IO_Update.js)
Linked: (/home/d5error/ws_rmrobot/devel/.private/rm_msgs/share/gennodejs/ros/rm_msgs/msg/Hand_Seq.js, /home/d5error/ws_rmrobot/devel/share/gennodejs/ros/rm_msgs/msg/Hand_Seq.js)
Linked: (/home/d5error/ws_rmrobot/devel/.private/rm_msgs/share/gennodejs/ros/rm_msgs/msg/Arm_Digital_Output.js, /home/d5error/ws_rmrobot/devel/share/gennodejs/ros/rm_msgs/msg/Arm_Digital_Output.js)
Linked: (/home/d5error/ws_rmrobot/devel/.private/rm_msgs/share/gennodejs/ros/rm_msgs/msg/Joint_Error_Code.js, /home/d5error/ws_rmrobot/devel/share/gennodejs/ros/rm_msgs/msg/Joint_Error_Code.js)
Linked: (/home/d5error/ws_rmrobot/devel/.private/rm_msgs/share/gennodejs/ros/rm_msgs/msg/Servo_Move.js, /home/d5error/ws_rmrobot/devel/share/gennodejs/ros/rm_msgs/msg/Servo_Move.js)
Linked: (/home/d5error/ws_rmrobot/devel/.private/rm_msgs/share/gennodejs/ros/rm_msgs/msg/Joint_Current.js, /home/d5error/ws_rmrobot/devel/share/gennodejs/ros/rm_msgs/msg/Joint_Current.js)
Linked: (/home/d5error/ws_rmrobot/devel/.private/rm_msgs/share/gennodejs/ros/rm_msgs/msg/Force_Position_State.js, /home/d5error/ws_rmrobot/devel/share/gennodejs/ros/rm_msgs/msg/Force_Position_State.js)
Linked: (/home/d5error/ws_rmrobot/devel/.private/rm_msgs/share/gennodejs/ros/rm_msgs/msg/MoveJ.js, /home/d5error/ws_rmrobot/devel/share/gennodejs/ros/rm_msgs/msg/MoveJ.js)
Linked: (/home/d5error/ws_rmrobot/devel/.private/rm_msgs/share/gennodejs/ros/rm_msgs/msg/ChangeWorkFrame_Name.js, /home/d5error/ws_rmrobot/devel/share/gennodejs/ros/rm_msgs/msg/ChangeWorkFrame_Name.js)
Linked: (/home/d5error/ws_rmrobot/devel/.private/rm_msgs/share/gennodejs/ros/rm_msgs/msg/GetArmState_Command.js, /home/d5error/ws_rmrobot/devel/share/gennodejs/ros/rm_msgs/msg/GetArmState_Command.js)
Linked: (/home/d5error/ws_rmrobot/devel/.private/rm_msgs/share/gennodejs/ros/rm_msgs/msg/Six_Force.js, /home/d5error/ws_rmrobot/devel/share/gennodejs/ros/rm_msgs/msg/Six_Force.js)
Linked: (/home/d5error/ws_rmrobot/devel/.private/rm_msgs/share/gennodejs/ros/rm_msgs/msg/Stop_Teach.js, /home/d5error/ws_rmrobot/devel/share/gennodejs/ros/rm_msgs/msg/Stop_Teach.js)
Linked: (/home/d5error/ws_rmrobot/devel/.private/rm_msgs/share/gennodejs/ros/rm_msgs/msg/Set_Force_Position.js, /home/d5error/ws_rmrobot/devel/share/gennodejs/ros/rm_msgs/msg/Set_Force_Position.js)
Linked: (/home/d5error/ws_rmrobot/devel/.private/rm_msgs/share/gennodejs/ros/rm_msgs/msg/MoveC.js, /home/d5error/ws_rmrobot/devel/share/gennodejs/ros/rm_msgs/msg/MoveC.js)
Linked: (/home/d5error/ws_rmrobot/devel/.private/rm_msgs/share/gennodejs/ros/rm_msgs/msg/LiftState.js, /home/d5error/ws_rmrobot/devel/share/gennodejs/ros/rm_msgs/msg/LiftState.js)
Linked: (/home/d5error/ws_rmrobot/devel/.private/rm_msgs/share/rm_msgs/cmake/rm_msgsConfig.cmake, /home/d5error/ws_rmrobot/devel/share/rm_msgs/cmake/rm_msgsConfig.cmake)
Linked: (/home/d5error/ws_rmrobot/devel/.private/rm_msgs/share/rm_msgs/cmake/rm_msgs-msg-extras.cmake, /home/d5error/ws_rmrobot/devel/share/rm_msgs/cmake/rm_msgs-msg-extras.cmake)
Linked: (/home/d5error/ws_rmrobot/devel/.private/rm_msgs/share/rm_msgs/cmake/rm_msgsConfig-version.cmake, /home/d5error/ws_rmrobot/devel/share/rm_msgs/cmake/rm_msgsConfig-version.cmake)
Linked: (/home/d5error/ws_rmrobot/devel/.private/rm_msgs/share/rm_msgs/cmake/rm_msgs-msg-paths.cmake, /home/d5error/ws_rmrobot/devel/share/rm_msgs/cmake/rm_msgs-msg-paths.cmake)
Linked: (/home/d5error/ws_rmrobot/devel/.private/rm_msgs/include/rm_msgs/Lift_Speed.h, /home/d5error/ws_rmrobot/devel/include/rm_msgs/Lift_Speed.h)
Linked: (/home/d5error/ws_rmrobot/devel/.private/rm_msgs/include/rm_msgs/Gripper_Pick.h, /home/d5error/ws_rmrobot/devel/include/rm_msgs/Gripper_Pick.h)
Linked: (/home/d5error/ws_rmrobot/devel/.private/rm_msgs/include/rm_msgs/Arm_Analog_Output.h, /home/d5error/ws_rmrobot/devel/include/rm_msgs/Arm_Analog_Output.h)
Linked: (/home/d5error/ws_rmrobot/devel/.private/rm_msgs/include/rm_msgs/CartePos.h, /home/d5error/ws_rmrobot/devel/include/rm_msgs/CartePos.h)
Linked: (/home/d5error/ws_rmrobot/devel/.private/rm_msgs/include/rm_msgs/Joint_Teach.h, /home/d5error/ws_rmrobot/devel/include/rm_msgs/Joint_Teach.h)
Linked: (/home/d5error/ws_rmrobot/devel/.private/rm_msgs/include/rm_msgs/Gripper_Set.h, /home/d5error/ws_rmrobot/devel/include/rm_msgs/Gripper_Set.h)
Linked: (/home/d5error/ws_rmrobot/devel/.private/rm_msgs/include/rm_msgs/LiftState.h, /home/d5error/ws_rmrobot/devel/include/rm_msgs/LiftState.h)
Linked: (/home/d5error/ws_rmrobot/devel/.private/rm_msgs/include/rm_msgs/Ort_Teach.h, /home/d5error/ws_rmrobot/devel/include/rm_msgs/Ort_Teach.h)
Linked: (/home/d5error/ws_rmrobot/devel/.private/rm_msgs/include/rm_msgs/ChangeTool_Name.h, /home/d5error/ws_rmrobot/devel/include/rm_msgs/ChangeTool_Name.h)
Linked: (/home/d5error/ws_rmrobot/devel/.private/rm_msgs/include/rm_msgs/Set_Force_Position.h, /home/d5error/ws_rmrobot/devel/include/rm_msgs/Set_Force_Position.h)
Linked: (/home/d5error/ws_rmrobot/devel/.private/rm_msgs/include/rm_msgs/Arm_Joint_Speed_Max.h, /home/d5error/ws_rmrobot/devel/include/rm_msgs/Arm_Joint_Speed_Max.h)
Linked: (/home/d5error/ws_rmrobot/devel/.private/rm_msgs/include/rm_msgs/MoveL.h, /home/d5error/ws_rmrobot/devel/include/rm_msgs/MoveL.h)
Linked: (/home/d5error/ws_rmrobot/devel/.private/rm_msgs/include/rm_msgs/Hand_Speed.h, /home/d5error/ws_rmrobot/devel/include/rm_msgs/Hand_Speed.h)
Linked: (/home/d5error/ws_rmrobot/devel/.private/rm_msgs/include/rm_msgs/Hand_Force.h, /home/d5error/ws_rmrobot/devel/include/rm_msgs/Hand_Force.h)
Linked: (/home/d5error/ws_rmrobot/devel/.private/rm_msgs/include/rm_msgs/Lift_Height.h, /home/d5error/ws_rmrobot/devel/include/rm_msgs/Lift_Height.h)
Linked: (/home/d5error/ws_rmrobot/devel/.private/rm_msgs/include/rm_msgs/ChangeWorkFrame_Name.h, /home/d5error/ws_rmrobot/devel/include/rm_msgs/ChangeWorkFrame_Name.h)
Linked: (/home/d5error/ws_rmrobot/devel/.private/rm_msgs/include/rm_msgs/JointPos.h, /home/d5error/ws_rmrobot/devel/include/rm_msgs/JointPos.h)
Linked: (/home/d5error/ws_rmrobot/devel/.private/rm_msgs/include/rm_msgs/Socket_Command.h, /home/d5error/ws_rmrobot/devel/include/rm_msgs/Socket_Command.h)
Linked: (/home/d5error/ws_rmrobot/devel/.private/rm_msgs/include/rm_msgs/Joint_Step.h, /home/d5error/ws_rmrobot/devel/include/rm_msgs/Joint_Step.h)
Linked: (/home/d5error/ws_rmrobot/devel/.private/rm_msgs/include/rm_msgs/ChangeWorkFrame_State.h, /home/d5error/ws_rmrobot/devel/include/rm_msgs/ChangeWorkFrame_State.h)
Linked: (/home/d5error/ws_rmrobot/devel/.private/rm_msgs/include/rm_msgs/Six_Force.h, /home/d5error/ws_rmrobot/devel/include/rm_msgs/Six_Force.h)
Linked: (/home/d5error/ws_rmrobot/devel/.private/rm_msgs/include/rm_msgs/Manual_Set_Force_Pose.h, /home/d5error/ws_rmrobot/devel/include/rm_msgs/Manual_Set_Force_Pose.h)
Linked: (/home/d5error/ws_rmrobot/devel/.private/rm_msgs/include/rm_msgs/ArmState.h, /home/d5error/ws_rmrobot/devel/include/rm_msgs/ArmState.h)
Linked: (/home/d5error/ws_rmrobot/devel/.private/rm_msgs/include/rm_msgs/Pos_Teach.h, /home/d5error/ws_rmrobot/devel/include/rm_msgs/Pos_Teach.h)
Linked: (/home/d5error/ws_rmrobot/devel/.private/rm_msgs/include/rm_msgs/IO_Update.h, /home/d5error/ws_rmrobot/devel/include/rm_msgs/IO_Update.h)
Linked: (/home/d5error/ws_rmrobot/devel/.private/rm_msgs/include/rm_msgs/Tool_Digital_Output.h, /home/d5error/ws_rmrobot/devel/include/rm_msgs/Tool_Digital_Output.h)
Linked: (/home/d5error/ws_rmrobot/devel/.private/rm_msgs/include/rm_msgs/Force_Position_Move_Pose.h, /home/d5error/ws_rmrobot/devel/include/rm_msgs/Force_Position_Move_Pose.h)
Linked: (/home/d5error/ws_rmrobot/devel/.private/rm_msgs/include/rm_msgs/Tool_Analog_Output.h, /home/d5error/ws_rmrobot/devel/include/rm_msgs/Tool_Analog_Output.h)
Linked: (/home/d5error/ws_rmrobot/devel/.private/rm_msgs/include/rm_msgs/Joint_Current.h, /home/d5error/ws_rmrobot/devel/include/rm_msgs/Joint_Current.h)
Linked: (/home/d5error/ws_rmrobot/devel/.private/rm_msgs/include/rm_msgs/Hand_Seq.h, /home/d5error/ws_rmrobot/devel/include/rm_msgs/Hand_Seq.h)
Linked: (/home/d5error/ws_rmrobot/devel/.private/rm_msgs/include/rm_msgs/Tool_IO_State.h, /home/d5error/ws_rmrobot/devel/include/rm_msgs/Tool_IO_State.h)
Linked: (/home/d5error/ws_rmrobot/devel/.private/rm_msgs/include/rm_msgs/MoveC.h, /home/d5error/ws_rmrobot/devel/include/rm_msgs/MoveC.h)
Linked: (/home/d5error/ws_rmrobot/devel/.private/rm_msgs/include/rm_msgs/Force_Position_Move_Joint.h, /home/d5error/ws_rmrobot/devel/include/rm_msgs/Force_Position_Move_Joint.h)
Linked: (/home/d5error/ws_rmrobot/devel/.private/rm_msgs/include/rm_msgs/MoveJ.h, /home/d5error/ws_rmrobot/devel/include/rm_msgs/MoveJ.h)
Linked: (/home/d5error/ws_rmrobot/devel/.private/rm_msgs/include/rm_msgs/Joint_Enable.h, /home/d5error/ws_rmrobot/devel/include/rm_msgs/Joint_Enable.h)
Linked: (/home/d5error/ws_rmrobot/devel/.private/rm_msgs/include/rm_msgs/Joint_Error_Code.h, /home/d5error/ws_rmrobot/devel/include/rm_msgs/Joint_Error_Code.h)
Linked: (/home/d5error/ws_rmrobot/devel/.private/rm_msgs/include/rm_msgs/Plan_State.h, /home/d5error/ws_rmrobot/devel/include/rm_msgs/Plan_State.h)
Linked: (/home/d5error/ws_rmrobot/devel/.private/rm_msgs/include/rm_msgs/Joint_Max_Speed.h, /home/d5error/ws_rmrobot/devel/include/rm_msgs/Joint_Max_Speed.h)
Linked: (/home/d5error/ws_rmrobot/devel/.private/rm_msgs/include/rm_msgs/GetArmState_Command.h, /home/d5error/ws_rmrobot/devel/include/rm_msgs/GetArmState_Command.h)
Linked: (/home/d5error/ws_rmrobot/devel/.private/rm_msgs/include/rm_msgs/MoveJ_P.h, /home/d5error/ws_rmrobot/devel/include/rm_msgs/MoveJ_P.h)
Linked: (/home/d5error/ws_rmrobot/devel/.private/rm_msgs/include/rm_msgs/Set_Realtime_Push.h, /home/d5error/ws_rmrobot/devel/include/rm_msgs/Set_Realtime_Push.h)
Linked: (/home/d5error/ws_rmrobot/devel/.private/rm_msgs/include/rm_msgs/Force_Position_State.h, /home/d5error/ws_rmrobot/devel/include/rm_msgs/Force_Position_State.h)
Linked: (/home/d5error/ws_rmrobot/devel/.private/rm_msgs/include/rm_msgs/Start_Multi_Drag_Teach.h, /home/d5error/ws_rmrobot/devel/include/rm_msgs/Start_Multi_Drag_Teach.h)
Linked: (/home/d5error/ws_rmrobot/devel/.private/rm_msgs/include/rm_msgs/Hand_Angle.h, /home/d5error/ws_rmrobot/devel/include/rm_msgs/Hand_Angle.h)
Linked: (/home/d5error/ws_rmrobot/devel/.private/rm_msgs/include/rm_msgs/Servo_GetAngle.h, /home/d5error/ws_rmrobot/devel/include/rm_msgs/Servo_GetAngle.h)
Linked: (/home/d5error/ws_rmrobot/devel/.private/rm_msgs/include/rm_msgs/Servo_Move.h, /home/d5error/ws_rmrobot/devel/include/rm_msgs/Servo_Move.h)
Linked: (/home/d5error/ws_rmrobot/devel/.private/rm_msgs/include/rm_msgs/Stop_Teach.h, /home/d5error/ws_rmrobot/devel/include/rm_msgs/Stop_Teach.h)
Linked: (/home/d5error/ws_rmrobot/devel/.private/rm_msgs/include/rm_msgs/ChangeTool_State.h, /home/d5error/ws_rmrobot/devel/include/rm_msgs/ChangeTool_State.h)
Linked: (/home/d5error/ws_rmrobot/devel/.private/rm_msgs/include/rm_msgs/Hand_Posture.h, /home/d5error/ws_rmrobot/devel/include/rm_msgs/Hand_Posture.h)
Linked: (/home/d5error/ws_rmrobot/devel/.private/rm_msgs/include/rm_msgs/Stop.h, /home/d5error/ws_rmrobot/devel/include/rm_msgs/Stop.h)
Linked: (/home/d5error/ws_rmrobot/devel/.private/rm_msgs/include/rm_msgs/Arm_IO_State.h, /home/d5error/ws_rmrobot/devel/include/rm_msgs/Arm_IO_State.h)
Linked: (/home/d5error/ws_rmrobot/devel/.private/rm_msgs/include/rm_msgs/Arm_Digital_Output.h, /home/d5error/ws_rmrobot/devel/include/rm_msgs/Arm_Digital_Output.h)
Linked: (/home/d5error/ws_rmrobot/devel/.private/rm_msgs/include/rm_msgs/Cabinet.h, /home/d5error/ws_rmrobot/devel/include/rm_msgs/Cabinet.h)
Linked: (/home/d5error/ws_rmrobot/devel/.private/rm_msgs/include/rm_msgs/Turtle_Driver.h, /home/d5error/ws_rmrobot/devel/include/rm_msgs/Turtle_Driver.h)
Linked: (/home/d5error/ws_rmrobot/devel/.private/rm_msgs/include/rm_msgs/Arm_Current_State.h, /home/d5error/ws_rmrobot/devel/include/rm_msgs/Arm_Current_State.h)
Linked: (/home/d5error/ws_rmrobot/devel/.private/rm_msgs/lib/python2.7/dist-packages/rm_msgs/__init__.py, /home/d5error/ws_rmrobot/devel/lib/python2.7/dist-packages/rm_msgs/__init__.py)
Linked: (/home/d5error/ws_rmrobot/devel/.private/rm_msgs/lib/python2.7/dist-packages/rm_msgs/msg/_Tool_IO_State.py, /home/d5error/ws_rmrobot/devel/lib/python2.7/dist-packages/rm_msgs/msg/_Tool_IO_State.py)
Linked: (/home/d5error/ws_rmrobot/devel/.private/rm_msgs/lib/python2.7/dist-packages/rm_msgs/msg/_Joint_Teach.py, /home/d5error/ws_rmrobot/devel/lib/python2.7/dist-packages/rm_msgs/msg/_Joint_Teach.py)
Linked: (/home/d5error/ws_rmrobot/devel/.private/rm_msgs/lib/python2.7/dist-packages/rm_msgs/msg/_MoveL.py, /home/d5error/ws_rmrobot/devel/lib/python2.7/dist-packages/rm_msgs/msg/_MoveL.py)
Linked: (/home/d5error/ws_rmrobot/devel/.private/rm_msgs/lib/python2.7/dist-packages/rm_msgs/msg/_Arm_Analog_Output.py, /home/d5error/ws_rmrobot/devel/lib/python2.7/dist-packages/rm_msgs/msg/_Arm_Analog_Output.py)
Linked: (/home/d5error/ws_rmrobot/devel/.private/rm_msgs/lib/python2.7/dist-packages/rm_msgs/msg/_Gripper_Pick.py, /home/d5error/ws_rmrobot/devel/lib/python2.7/dist-packages/rm_msgs/msg/_Gripper_Pick.py)
Linked: (/home/d5error/ws_rmrobot/devel/.private/rm_msgs/lib/python2.7/dist-packages/rm_msgs/msg/_ChangeWorkFrame_State.py, /home/d5error/ws_rmrobot/devel/lib/python2.7/dist-packages/rm_msgs/msg/_ChangeWorkFrame_State.py)
Linked: (/home/d5error/ws_rmrobot/devel/.private/rm_msgs/lib/python2.7/dist-packages/rm_msgs/msg/_Manual_Set_Force_Pose.py, /home/d5error/ws_rmrobot/devel/lib/python2.7/dist-packages/rm_msgs/msg/_Manual_Set_Force_Pose.py)
Linked: (/home/d5error/ws_rmrobot/devel/.private/rm_msgs/lib/python2.7/dist-packages/rm_msgs/msg/_Hand_Angle.py, /home/d5error/ws_rmrobot/devel/lib/python2.7/dist-packages/rm_msgs/msg/_Hand_Angle.py)
Linked: (/home/d5error/ws_rmrobot/devel/.private/rm_msgs/lib/python2.7/dist-packages/rm_msgs/msg/_Socket_Command.py, /home/d5error/ws_rmrobot/devel/lib/python2.7/dist-packages/rm_msgs/msg/_Socket_Command.py)
Linked: (/home/d5error/ws_rmrobot/devel/.private/rm_msgs/lib/python2.7/dist-packages/rm_msgs/msg/_Joint_Current.py, /home/d5error/ws_rmrobot/devel/lib/python2.7/dist-packages/rm_msgs/msg/_Joint_Current.py)
Linked: (/home/d5error/ws_rmrobot/devel/.private/rm_msgs/lib/python2.7/dist-packages/rm_msgs/msg/_Tool_Digital_Output.py, /home/d5error/ws_rmrobot/devel/lib/python2.7/dist-packages/rm_msgs/msg/_Tool_Digital_Output.py)
Linked: (/home/d5error/ws_rmrobot/devel/.private/rm_msgs/lib/python2.7/dist-packages/rm_msgs/msg/_ChangeTool_State.py, /home/d5error/ws_rmrobot/devel/lib/python2.7/dist-packages/rm_msgs/msg/_ChangeTool_State.py)
Linked: (/home/d5error/ws_rmrobot/devel/.private/rm_msgs/lib/python2.7/dist-packages/rm_msgs/msg/_ArmState.py, /home/d5error/ws_rmrobot/devel/lib/python2.7/dist-packages/rm_msgs/msg/_ArmState.py)
Linked: (/home/d5error/ws_rmrobot/devel/.private/rm_msgs/lib/python2.7/dist-packages/rm_msgs/msg/_Joint_Error_Code.py, /home/d5error/ws_rmrobot/devel/lib/python2.7/dist-packages/rm_msgs/msg/_Joint_Error_Code.py)
Linked: (/home/d5error/ws_rmrobot/devel/.private/rm_msgs/lib/python2.7/dist-packages/rm_msgs/msg/_Joint_Enable.py, /home/d5error/ws_rmrobot/devel/lib/python2.7/dist-packages/rm_msgs/msg/_Joint_Enable.py)
Linked: (/home/d5error/ws_rmrobot/devel/.private/rm_msgs/lib/python2.7/dist-packages/rm_msgs/msg/_Lift_Height.py, /home/d5error/ws_rmrobot/devel/lib/python2.7/dist-packages/rm_msgs/msg/_Lift_Height.py)
Linked: (/home/d5error/ws_rmrobot/devel/.private/rm_msgs/lib/python2.7/dist-packages/rm_msgs/msg/_Hand_Posture.py, /home/d5error/ws_rmrobot/devel/lib/python2.7/dist-packages/rm_msgs/msg/_Hand_Posture.py)
Linked: (/home/d5error/ws_rmrobot/devel/.private/rm_msgs/lib/python2.7/dist-packages/rm_msgs/msg/_Arm_IO_State.py, /home/d5error/ws_rmrobot/devel/lib/python2.7/dist-packages/rm_msgs/msg/_Arm_IO_State.py)
Linked: (/home/d5error/ws_rmrobot/devel/.private/rm_msgs/lib/python2.7/dist-packages/rm_msgs/msg/_CartePos.py, /home/d5error/ws_rmrobot/devel/lib/python2.7/dist-packages/rm_msgs/msg/_CartePos.py)
Linked: (/home/d5error/ws_rmrobot/devel/.private/rm_msgs/lib/python2.7/dist-packages/rm_msgs/msg/_ChangeWorkFrame_Name.py, /home/d5error/ws_rmrobot/devel/lib/python2.7/dist-packages/rm_msgs/msg/_ChangeWorkFrame_Name.py)
Linked: (/home/d5error/ws_rmrobot/devel/.private/rm_msgs/lib/python2.7/dist-packages/rm_msgs/msg/_Gripper_Set.py, /home/d5error/ws_rmrobot/devel/lib/python2.7/dist-packages/rm_msgs/msg/_Gripper_Set.py)
Linked: (/home/d5error/ws_rmrobot/devel/.private/rm_msgs/lib/python2.7/dist-packages/rm_msgs/msg/_Hand_Seq.py, /home/d5error/ws_rmrobot/devel/lib/python2.7/dist-packages/rm_msgs/msg/_Hand_Seq.py)
Linked: (/home/d5error/ws_rmrobot/devel/.private/rm_msgs/lib/python2.7/dist-packages/rm_msgs/msg/_Tool_Analog_Output.py, /home/d5error/ws_rmrobot/devel/lib/python2.7/dist-packages/rm_msgs/msg/_Tool_Analog_Output.py)
Linked: (/home/d5error/ws_rmrobot/devel/.private/rm_msgs/lib/python2.7/dist-packages/rm_msgs/msg/_Pos_Teach.py, /home/d5error/ws_rmrobot/devel/lib/python2.7/dist-packages/rm_msgs/msg/_Pos_Teach.py)
Linked: (/home/d5error/ws_rmrobot/devel/.private/rm_msgs/lib/python2.7/dist-packages/rm_msgs/msg/__init__.py, /home/d5error/ws_rmrobot/devel/lib/python2.7/dist-packages/rm_msgs/msg/__init__.py)
Linked: (/home/d5error/ws_rmrobot/devel/.private/rm_msgs/lib/python2.7/dist-packages/rm_msgs/msg/_JointPos.py, /home/d5error/ws_rmrobot/devel/lib/python2.7/dist-packages/rm_msgs/msg/_JointPos.py)
Linked: (/home/d5error/ws_rmrobot/devel/.private/rm_msgs/lib/python2.7/dist-packages/rm_msgs/msg/_Force_Position_State.py, /home/d5error/ws_rmrobot/devel/lib/python2.7/dist-packages/rm_msgs/msg/_Force_Position_State.py)
Linked: (/home/d5error/ws_rmrobot/devel/.private/rm_msgs/lib/python2.7/dist-packages/rm_msgs/msg/_IO_Update.py, /home/d5error/ws_rmrobot/devel/lib/python2.7/dist-packages/rm_msgs/msg/_IO_Update.py)
Linked: (/home/d5error/ws_rmrobot/devel/.private/rm_msgs/lib/python2.7/dist-packages/rm_msgs/msg/_Plan_State.py, /home/d5error/ws_rmrobot/devel/lib/python2.7/dist-packages/rm_msgs/msg/_Plan_State.py)
Linked: (/home/d5error/ws_rmrobot/devel/.private/rm_msgs/lib/python2.7/dist-packages/rm_msgs/msg/_Stop.py, /home/d5error/ws_rmrobot/devel/lib/python2.7/dist-packages/rm_msgs/msg/_Stop.py)
Linked: (/home/d5error/ws_rmrobot/devel/.private/rm_msgs/lib/python2.7/dist-packages/rm_msgs/msg/_Force_Position_Move_Joint.py, /home/d5error/ws_rmrobot/devel/lib/python2.7/dist-packages/rm_msgs/msg/_Force_Position_Move_Joint.py)
Linked: (/home/d5error/ws_rmrobot/devel/.private/rm_msgs/lib/python2.7/dist-packages/rm_msgs/msg/_Servo_GetAngle.py, /home/d5error/ws_rmrobot/devel/lib/python2.7/dist-packages/rm_msgs/msg/_Servo_GetAngle.py)
Linked: (/home/d5error/ws_rmrobot/devel/.private/rm_msgs/lib/python2.7/dist-packages/rm_msgs/msg/_Set_Realtime_Push.py, /home/d5error/ws_rmrobot/devel/lib/python2.7/dist-packages/rm_msgs/msg/_Set_Realtime_Push.py)
Linked: (/home/d5error/ws_rmrobot/devel/.private/rm_msgs/lib/python2.7/dist-packages/rm_msgs/msg/_Ort_Teach.py, /home/d5error/ws_rmrobot/devel/lib/python2.7/dist-packages/rm_msgs/msg/_Ort_Teach.py)
Linked: (/home/d5error/ws_rmrobot/devel/.private/rm_msgs/lib/python2.7/dist-packages/rm_msgs/msg/_MoveJ_P.py, /home/d5error/ws_rmrobot/devel/lib/python2.7/dist-packages/rm_msgs/msg/_MoveJ_P.py)
Linked: (/home/d5error/ws_rmrobot/devel/.private/rm_msgs/lib/python2.7/dist-packages/rm_msgs/msg/_Turtle_Driver.py, /home/d5error/ws_rmrobot/devel/lib/python2.7/dist-packages/rm_msgs/msg/_Turtle_Driver.py)
Linked: (/home/d5error/ws_rmrobot/devel/.private/rm_msgs/lib/python2.7/dist-packages/rm_msgs/msg/_ChangeTool_Name.py, /home/d5error/ws_rmrobot/devel/lib/python2.7/dist-packages/rm_msgs/msg/_ChangeTool_Name.py)
Linked: (/home/d5error/ws_rmrobot/devel/.private/rm_msgs/lib/python2.7/dist-packages/rm_msgs/msg/_Stop_Teach.py, /home/d5error/ws_rmrobot/devel/lib/python2.7/dist-packages/rm_msgs/msg/_Stop_Teach.py)
Linked: (/home/d5error/ws_rmrobot/devel/.private/rm_msgs/lib/python2.7/dist-packages/rm_msgs/msg/_Arm_Digital_Output.py, /home/d5error/ws_rmrobot/devel/lib/python2.7/dist-packages/rm_msgs/msg/_Arm_Digital_Output.py)
Linked: (/home/d5error/ws_rmrobot/devel/.private/rm_msgs/lib/python2.7/dist-packages/rm_msgs/msg/_MoveC.py, /home/d5error/ws_rmrobot/devel/lib/python2.7/dist-packages/rm_msgs/msg/_MoveC.py)
Linked: (/home/d5error/ws_rmrobot/devel/.private/rm_msgs/lib/python2.7/dist-packages/rm_msgs/msg/_Hand_Force.py, /home/d5error/ws_rmrobot/devel/lib/python2.7/dist-packages/rm_msgs/msg/_Hand_Force.py)
Linked: (/home/d5error/ws_rmrobot/devel/.private/rm_msgs/lib/python2.7/dist-packages/rm_msgs/msg/_GetArmState_Command.py, /home/d5error/ws_rmrobot/devel/lib/python2.7/dist-packages/rm_msgs/msg/_GetArmState_Command.py)
Linked: (/home/d5error/ws_rmrobot/devel/.private/rm_msgs/lib/python2.7/dist-packages/rm_msgs/msg/_Hand_Speed.py, /home/d5error/ws_rmrobot/devel/lib/python2.7/dist-packages/rm_msgs/msg/_Hand_Speed.py)
Linked: (/home/d5error/ws_rmrobot/devel/.private/rm_msgs/lib/python2.7/dist-packages/rm_msgs/msg/_Six_Force.py, /home/d5error/ws_rmrobot/devel/lib/python2.7/dist-packages/rm_msgs/msg/_Six_Force.py)
Linked: (/home/d5error/ws_rmrobot/devel/.private/rm_msgs/lib/python2.7/dist-packages/rm_msgs/msg/_MoveJ.py, /home/d5error/ws_rmrobot/devel/lib/python2.7/dist-packages/rm_msgs/msg/_MoveJ.py)
Linked: (/home/d5error/ws_rmrobot/devel/.private/rm_msgs/lib/python2.7/dist-packages/rm_msgs/msg/_Servo_Move.py, /home/d5error/ws_rmrobot/devel/lib/python2.7/dist-packages/rm_msgs/msg/_Servo_Move.py)
Linked: (/home/d5error/ws_rmrobot/devel/.private/rm_msgs/lib/python2.7/dist-packages/rm_msgs/msg/_Set_Force_Position.py, /home/d5error/ws_rmrobot/devel/lib/python2.7/dist-packages/rm_msgs/msg/_Set_Force_Position.py)
Linked: (/home/d5error/ws_rmrobot/devel/.private/rm_msgs/lib/python2.7/dist-packages/rm_msgs/msg/_Joint_Step.py, /home/d5error/ws_rmrobot/devel/lib/python2.7/dist-packages/rm_msgs/msg/_Joint_Step.py)
Linked: (/home/d5error/ws_rmrobot/devel/.private/rm_msgs/lib/python2.7/dist-packages/rm_msgs/msg/_Arm_Current_State.py, /home/d5error/ws_rmrobot/devel/lib/python2.7/dist-packages/rm_msgs/msg/_Arm_Current_State.py)
Linked: (/home/d5error/ws_rmrobot/devel/.private/rm_msgs/lib/python2.7/dist-packages/rm_msgs/msg/_Arm_Joint_Speed_Max.py, /home/d5error/ws_rmrobot/devel/lib/python2.7/dist-packages/rm_msgs/msg/_Arm_Joint_Speed_Max.py)
Linked: (/home/d5error/ws_rmrobot/devel/.private/rm_msgs/lib/python2.7/dist-packages/rm_msgs/msg/_Joint_Max_Speed.py, /home/d5error/ws_rmrobot/devel/lib/python2.7/dist-packages/rm_msgs/msg/_Joint_Max_Speed.py)
Linked: (/home/d5error/ws_rmrobot/devel/.private/rm_msgs/lib/python2.7/dist-packages/rm_msgs/msg/_Lift_Speed.py, /home/d5error/ws_rmrobot/devel/lib/python2.7/dist-packages/rm_msgs/msg/_Lift_Speed.py)
Linked: (/home/d5error/ws_rmrobot/devel/.private/rm_msgs/lib/python2.7/dist-packages/rm_msgs/msg/_Force_Position_Move_Pose.py, /home/d5error/ws_rmrobot/devel/lib/python2.7/dist-packages/rm_msgs/msg/_Force_Position_Move_Pose.py)
Linked: (/home/d5error/ws_rmrobot/devel/.private/rm_msgs/lib/python2.7/dist-packages/rm_msgs/msg/_LiftState.py, /home/d5error/ws_rmrobot/devel/lib/python2.7/dist-packages/rm_msgs/msg/_LiftState.py)
Linked: (/home/d5error/ws_rmrobot/devel/.private/rm_msgs/lib/python2.7/dist-packages/rm_msgs/msg/_Cabinet.py, /home/d5error/ws_rmrobot/devel/lib/python2.7/dist-packages/rm_msgs/msg/_Cabinet.py)
Linked: (/home/d5error/ws_rmrobot/devel/.private/rm_msgs/lib/python2.7/dist-packages/rm_msgs/msg/_Start_Multi_Drag_Teach.py, /home/d5error/ws_rmrobot/devel/lib/python2.7/dist-packages/rm_msgs/msg/_Start_Multi_Drag_Teach.py)
Linked: (/home/d5error/ws_rmrobot/devel/.private/rm_msgs/lib/pkgconfig/rm_msgs.pc, /home/d5error/ws_rmrobot/devel/lib/pkgconfig/rm_msgs.pc)
